#
# There is insufficient memory for the Java Runtime Environment to continue.
# Native memory allocation (mmap) failed to map 142606336 bytes for committing reserved memory.
# Possible reasons:
#   The system is out of physical RAM or swap space
#   In 32 bit mode, the process size limit was hit
# Possible solutions:
#   Reduce memory load on the system
#   Increase physical memory or swap space
#   Check if swap backing store is full
#   Use 64 bit Java on a 64 bit OS
#   Decrease Java heap size (-Xmx/-Xms)
#   Decrease number of Java threads
#   Decrease Java thread stack sizes (-Xss)
#   Set larger code cache with -XX:ReservedCodeCacheSize=
# This output file may be truncated or incomplete.
#
#  Out of Memory Error (os_linux.cpp:2627), pid=3345, tid=0x00007f6abe8d7700
#
# JRE version: Java(TM) SE Runtime Environment (8.0_101-b13) (build 1.8.0_101-b13)
# Java VM: Java HotSpot(TM) 64-Bit Server VM (25.101-b13 mixed mode linux-amd64 compressed oops)
# Failed to write core dump. Core dumps have been disabled. To enable core dumping, try "ulimit -c unlimited" before starting Java again
#

---------------  T H R E A D  ---------------

Current thread (0x00007f6ad0077000):  VMThread [stack: 0x00007f6abe7d7000,0x00007f6abe8d8000] [id=3354]

Stack: [0x00007f6abe7d7000,0x00007f6abe8d8000],  sp=0x00007f6abe8d60a0,  free space=1020k
Native frames: (J=compiled Java code, j=interpreted, Vv=VM code, C=native code)
V  [libjvm.so+0xac3f0a]  VMError::report_and_die()+0x2ba
V  [libjvm.so+0x4fbf9b]  report_vm_out_of_memory(char const*, int, unsigned long, VMErrorType, char const*)+0x8b
V  [libjvm.so+0x9222d3]  os::Linux::commit_memory_impl(char*, unsigned long, bool)+0x103
V  [libjvm.so+0x922829]  os::pd_commit_memory(char*, unsigned long, unsigned long, bool)+0x29
V  [libjvm.so+0x91cb2a]  os::commit_memory(char*, unsigned long, unsigned long, bool)+0x2a
V  [libjvm.so+0x991053]  PSVirtualSpace::expand_by(unsigned long)+0x53
V  [libjvm.so+0x992458]  PSYoungGen::resize_generation(unsigned long, unsigned long)+0xf8
V  [libjvm.so+0x9915b2]  PSYoungGen::resize(unsigned long, unsigned long)+0x22
V  [libjvm.so+0x98e88b]  PSScavenge::invoke_no_policy()+0xf3b
V  [libjvm.so+0x98f011]  PSScavenge::invoke()+0x41
V  [libjvm.so+0x945fc0]  ParallelScavengeHeap::failed_mem_allocate(unsigned long)+0x70
V  [libjvm.so+0xac5927]  VM_ParallelGCFailedAllocation::doit()+0x97
V  [libjvm.so+0xacd405]  VM_Operation::evaluate()+0x55
V  [libjvm.so+0xacb7da]  VMThread::evaluate_operation(VM_Operation*)+0xba
V  [libjvm.so+0xacbb5e]  VMThread::loop()+0x1ce
V  [libjvm.so+0xacbfd0]  VMThread::run()+0x70
V  [libjvm.so+0x924698]  java_start(Thread*)+0x108

VM_Operation (0x00007f6abdcbfcf0): ParallelGCFailedAllocation, mode: safepoint, requested by thread 0x00007f6ad013d000


---------------  P R O C E S S  ---------------

Java Threads: ( => current thread )
  0x00007f6ad013e800 JavaThread "pool-1-thread-4" [_thread_blocked, id=3367, stack(0x00007f6abdac0000,0x00007f6abdbc1000)]
  0x00007f6ad013d000 JavaThread "pool-1-thread-3" [_thread_blocked, id=3366, stack(0x00007f6abdbc1000,0x00007f6abdcc2000)]
  0x00007f6ad013c000 JavaThread "pool-1-thread-2" [_thread_blocked, id=3365, stack(0x00007f6abdcc2000,0x00007f6abddc3000)]
  0x00007f6ad013a000 JavaThread "pool-2-thread-1" [_thread_blocked, id=3364, stack(0x00007f6abddc3000,0x00007f6abdec4000)]
  0x00007f6ad0138000 JavaThread "pool-1-thread-1" [_thread_blocked, id=3363, stack(0x00007f6abdec4000,0x00007f6abdfc5000)]
  0x00007f6ad00bf800 JavaThread "Service Thread" daemon [_thread_blocked, id=3361, stack(0x00007f6abe0d0000,0x00007f6abe1d1000)]
  0x00007f6ad00bc800 JavaThread "C1 CompilerThread2" daemon [_thread_blocked, id=3360, stack(0x00007f6abe1d1000,0x00007f6abe2d2000)]
  0x00007f6ad00ba800 JavaThread "C2 CompilerThread1" daemon [_thread_in_native, id=3359, stack(0x00007f6abe2d2000,0x00007f6abe3d3000)]
  0x00007f6ad00b7800 JavaThread "C2 CompilerThread0" daemon [_thread_blocked, id=3358, stack(0x00007f6abe3d3000,0x00007f6abe4d4000)]
  0x00007f6ad00b6800 JavaThread "Signal Dispatcher" daemon [_thread_blocked, id=3357, stack(0x00007f6abe4d4000,0x00007f6abe5d5000)]
  0x00007f6ad0083000 JavaThread "Finalizer" daemon [_thread_blocked, id=3356, stack(0x00007f6abe5d5000,0x00007f6abe6d6000)]
  0x00007f6ad007e800 JavaThread "Reference Handler" daemon [_thread_blocked, id=3355, stack(0x00007f6abe6d6000,0x00007f6abe7d7000)]
  0x00007f6ad0008800 JavaThread "main" [_thread_blocked, id=3347, stack(0x00007f6ad8863000,0x00007f6ad8964000)]

Other Threads:
=>0x00007f6ad0077000 VMThread [stack: 0x00007f6abe7d7000,0x00007f6abe8d8000] [id=3354]
  0x00007f6ad00c2000 WatcherThread [stack: 0x00007f6abdfcf000,0x00007f6abe0d0000] [id=3362]

VM state:at safepoint (normal execution)

VM Mutex/Monitor currently owned by a thread:  ([mutex/lock_event])
[0x00007f6ad0006710] Threads_lock - owner thread: 0x00007f6ad0077000
[0x00007f6ad0006c10] Heap_lock - owner thread: 0x00007f6ad013d000

Heap:
 PSYoungGen      total 135680K, used 13801K [0x00000000eab00000, 0x00000000f3e00000, 0x0000000100000000)
  eden space 121856K, 0% used [0x00000000eab00000,0x00000000eab00000,0x00000000f2200000)
  from space 13824K, 99% used [0x00000000f2200000,0x00000000f2f7a780,0x00000000f2f80000)
  to   space 12800K, 0% used [0x00000000f2f80000,0x00000000f2f80000,0x00000000f3c00000)
 ParOldGen       total 40960K, used 34211K [0x00000000c0000000, 0x00000000c2800000, 0x00000000eab00000)
  object space 40960K, 83% used [0x00000000c0000000,0x00000000c2168c20,0x00000000c2800000)
 Metaspace       used 6329K, capacity 7192K, committed 7424K, reserved 1056768K
  class space    used 616K, capacity 656K, committed 768K, reserved 1048576K

Card table byte_map: [0x00007f6ad5a44000,0x00007f6ad5c45000] byte_map_base: 0x00007f6ad5444000

Marking Bits: (ParMarkBitMap*) 0x00007f6ad7d3f120
 Begin Bits: [0x00007f6abf000000, 0x00007f6ac0000000)
 End Bits:   [0x00007f6ac0000000, 0x00007f6ac1000000)

Polling page: 0x00007f6ad8985000

CodeCache: size=245760Kb used=6802Kb max_used=6802Kb free=238957Kb
 bounds [0x00007f6ac1000000, 0x00007f6ac16b0000, 0x00007f6ad0000000]
 total_blobs=2029 nmethods=1761 adapters=182
 compilation: enabled

Compilation events (10 events):
Event: 6.304 Thread 0x00007f6ad00bc800 2049   !   2       java.util.concurrent.FutureTask::run (126 bytes)
Event: 6.305 Thread 0x00007f6ad00bc800 nmethod 2049 0x00007f6ac16a6f90 code [0x00007f6ac16a7140, 0x00007f6ac16a7568]
Event: 6.305 Thread 0x00007f6ad00bc800 2050       2       java.util.concurrent.FutureTask::set (36 bytes)
Event: 6.305 Thread 0x00007f6ad00bc800 nmethod 2050 0x00007f6ac16a7810 code [0x00007f6ac16a7980, 0x00007f6ac16a7b68]
Event: 6.305 Thread 0x00007f6ad00bc800 2053       2       java.util.concurrent.FutureTask::done (1 bytes)
Event: 6.305 Thread 0x00007f6ad00bc800 nmethod 2053 0x00007f6ac16a7c10 code [0x00007f6ac16a7d60, 0x00007f6ac16a7eb0]
Event: 6.305 Thread 0x00007f6ad00bc800 2052       2       java.util.concurrent.FutureTask::finishCompletion (74 bytes)
Event: 6.306 Thread 0x00007f6ad00bc800 nmethod 2052 0x00007f6ac16a7f10 code [0x00007f6ac16a80a0, 0x00007f6ac16a83c8]
Event: 6.323 Thread 0x00007f6ad00bc800 2054       2       com.android.dx.ssa.PhiInsn::updateSourcesToDefinitions (68 bytes)
Event: 6.324 Thread 0x00007f6ad00bc800 nmethod 2054 0x00007f6ac16a8550 code [0x00007f6ac16a8700, 0x00007f6ac16a8ad8]

GC Heap History (10 events):
Event: 2.003 GC heap after
Heap after GC invocations=2 (full 0):
 PSYoungGen      total 33280K, used 2535K [0x00000000eab00000, 0x00000000ece00000, 0x0000000100000000)
  eden space 30720K, 0% used [0x00000000eab00000,0x00000000eab00000,0x00000000ec900000)
  from space 2560K, 99% used [0x00000000ecb80000,0x00000000ecdf9c88,0x00000000ece00000)
  to   space 2560K, 0% used [0x00000000ec900000,0x00000000ec900000,0x00000000ecb80000)
 ParOldGen       total 40960K, used 2465K [0x00000000c0000000, 0x00000000c2800000, 0x00000000eab00000)
  object space 40960K, 6% used [0x00000000c0000000,0x00000000c02687a8,0x00000000c2800000)
 Metaspace       used 5818K, capacity 6768K, committed 7040K, reserved 1056768K
  class space    used 593K, capacity 616K, committed 640K, reserved 1048576K
}
Event: 2.582 GC heap before
{Heap before GC invocations=3 (full 0):
 PSYoungGen      total 33280K, used 33255K [0x00000000eab00000, 0x00000000ece00000, 0x0000000100000000)
  eden space 30720K, 100% used [0x00000000eab00000,0x00000000ec900000,0x00000000ec900000)
  from space 2560K, 99% used [0x00000000ecb80000,0x00000000ecdf9c88,0x00000000ece00000)
  to   space 2560K, 0% used [0x00000000ec900000,0x00000000ec900000,0x00000000ecb80000)
 ParOldGen       total 40960K, used 2465K [0x00000000c0000000, 0x00000000c2800000, 0x00000000eab00000)
  object space 40960K, 6% used [0x00000000c0000000,0x00000000c02687a8,0x00000000c2800000)
 Metaspace       used 5882K, capacity 6832K, committed 7040K, reserved 1056768K
  class space    used 594K, capacity 616K, committed 640K, reserved 1048576K
Event: 2.614 GC heap after
Heap after GC invocations=3 (full 0):
 PSYoungGen      total 33280K, used 2553K [0x00000000eab00000, 0x00000000eec00000, 0x0000000100000000)
  eden space 30720K, 0% used [0x00000000eab00000,0x00000000eab00000,0x00000000ec900000)
  from space 2560K, 99% used [0x00000000ec900000,0x00000000ecb7e6c8,0x00000000ecb80000)
  to   space 2560K, 0% used [0x00000000ee980000,0x00000000ee980000,0x00000000eec00000)
 ParOldGen       total 40960K, used 7759K [0x00000000c0000000, 0x00000000c2800000, 0x00000000eab00000)
  object space 40960K, 18% used [0x00000000c0000000,0x00000000c0793f10,0x00000000c2800000)
 Metaspace       used 5882K, capacity 6832K, committed 7040K, reserved 1056768K
  class space    used 594K, capacity 616K, committed 640K, reserved 1048576K
}
Event: 2.952 GC heap before
{Heap before GC invocations=4 (full 0):
 PSYoungGen      total 33280K, used 33273K [0x00000000eab00000, 0x00000000eec00000, 0x0000000100000000)
  eden space 30720K, 100% used [0x00000000eab00000,0x00000000ec900000,0x00000000ec900000)
  from space 2560K, 99% used [0x00000000ec900000,0x00000000ecb7e6c8,0x00000000ecb80000)
  to   space 2560K, 0% used [0x00000000ee980000,0x00000000ee980000,0x00000000eec00000)
 ParOldGen       total 40960K, used 7759K [0x00000000c0000000, 0x00000000c2800000, 0x00000000eab00000)
  object space 40960K, 18% used [0x00000000c0000000,0x00000000c0793f10,0x00000000c2800000)
 Metaspace       used 5958K, capacity 6896K, committed 7040K, reserved 1056768K
  class space    used 594K, capacity 616K, committed 640K, reserved 1048576K
Event: 2.985 GC heap after
Heap after GC invocations=4 (full 0):
 PSYoungGen      total 64000K, used 2552K [0x00000000eab00000, 0x00000000eec00000, 0x0000000100000000)
  eden space 61440K, 0% used [0x00000000eab00000,0x00000000eab00000,0x00000000ee700000)
  from space 2560K, 99% used [0x00000000ee980000,0x00000000eebfe008,0x00000000eec00000)
  to   space 2560K, 0% used [0x00000000ee700000,0x00000000ee700000,0x00000000ee980000)
 ParOldGen       total 40960K, used 11751K [0x00000000c0000000, 0x00000000c2800000, 0x00000000eab00000)
  object space 40960K, 28% used [0x00000000c0000000,0x00000000c0b79d28,0x00000000c2800000)
 Metaspace       used 5958K, capacity 6896K, committed 7040K, reserved 1056768K
  class space    used 594K, capacity 616K, committed 640K, reserved 1048576K
}
Event: 3.626 GC heap before
{Heap before GC invocations=5 (full 0):
 PSYoungGen      total 64000K, used 63992K [0x00000000eab00000, 0x00000000eec00000, 0x0000000100000000)
  eden space 61440K, 100% used [0x00000000eab00000,0x00000000ee700000,0x00000000ee700000)
  from space 2560K, 99% used [0x00000000ee980000,0x00000000eebfe008,0x00000000eec00000)
  to   space 2560K, 0% used [0x00000000ee700000,0x00000000ee700000,0x00000000ee980000)
 ParOldGen       total 40960K, used 11751K [0x00000000c0000000, 0x00000000c2800000, 0x00000000eab00000)
  object space 40960K, 28% used [0x00000000c0000000,0x00000000c0b79d28,0x00000000c2800000)
 Metaspace       used 6013K, capacity 6960K, committed 7040K, reserved 1056768K
  class space    used 594K, capacity 616K, committed 640K, reserved 1048576K
Event: 3.708 GC heap after
Heap after GC invocations=5 (full 0):
 PSYoungGen      total 64000K, used 2532K [0x00000000eab00000, 0x00000000f3c00000, 0x0000000100000000)
  eden space 61440K, 0% used [0x00000000eab00000,0x00000000eab00000,0x00000000ee700000)
  from space 2560K, 98% used [0x00000000ee700000,0x00000000ee979108,0x00000000ee980000)
  to   space 12800K, 0% used [0x00000000f2f80000,0x00000000f2f80000,0x00000000f3c00000)
 ParOldGen       total 40960K, used 20888K [0x00000000c0000000, 0x00000000c2800000, 0x00000000eab00000)
  object space 40960K, 50% used [0x00000000c0000000,0x00000000c14663c8,0x00000000c2800000)
 Metaspace       used 6013K, capacity 6960K, committed 7040K, reserved 1056768K
  class space    used 594K, capacity 616K, committed 640K, reserved 1048576K
}
Event: 4.504 GC heap before
{Heap before GC invocations=6 (full 0):
 PSYoungGen      total 64000K, used 63972K [0x00000000eab00000, 0x00000000f3c00000, 0x0000000100000000)
  eden space 61440K, 100% used [0x00000000eab00000,0x00000000ee700000,0x00000000ee700000)
  from space 2560K, 98% used [0x00000000ee700000,0x00000000ee979108,0x00000000ee980000)
  to   space 12800K, 0% used [0x00000000f2f80000,0x00000000f2f80000,0x00000000f3c00000)
 ParOldGen       total 40960K, used 20888K [0x00000000c0000000, 0x00000000c2800000, 0x00000000eab00000)
  object space 40960K, 50% used [0x00000000c0000000,0x00000000c14663c8,0x00000000c2800000)
 Metaspace       used 6134K, capacity 7000K, committed 7168K, reserved 1056768K
  class space    used 614K, capacity 656K, committed 768K, reserved 1048576K
Event: 4.609 GC heap after
Heap after GC invocations=6 (full 0):
 PSYoungGen      total 134656K, used 10689K [0x00000000eab00000, 0x00000000f3e00000, 0x0000000100000000)
  eden space 121856K, 0% used [0x00000000eab00000,0x00000000eab00000,0x00000000f2200000)
  from space 12800K, 83% used [0x00000000f2f80000,0x00000000f39f0658,0x00000000f3c00000)
  to   space 13824K, 0% used [0x00000000f2200000,0x00000000f2200000,0x00000000f2f80000)
 ParOldGen       total 40960K, used 20888K [0x00000000c0000000, 0x00000000c2800000, 0x00000000eab00000)
  object space 40960K, 50% used [0x00000000c0000000,0x00000000c14663c8,0x00000000c2800000)
 Metaspace       used 6134K, capacity 7000K, committed 7168K, reserved 1056768K
  class space    used 614K, capacity 656K, committed 768K, reserved 1048576K
}
Event: 6.435 GC heap before
{Heap before GC invocations=7 (full 0):
 PSYoungGen      total 134656K, used 132545K [0x00000000eab00000, 0x00000000f3e00000, 0x0000000100000000)
  eden space 121856K, 100% used [0x00000000eab00000,0x00000000f2200000,0x00000000f2200000)
  from space 12800K, 83% used [0x00000000f2f80000,0x00000000f39f0658,0x00000000f3c00000)
  to   space 13824K, 0% used [0x00000000f2200000,0x00000000f2200000,0x00000000f2f80000)
 ParOldGen       total 40960K, used 20888K [0x00000000c0000000, 0x00000000c2800000, 0x00000000eab00000)
  object space 40960K, 50% used [0x00000000c0000000,0x00000000c14663c8,0x00000000c2800000)
 Metaspace       used 6329K, capacity 7192K, committed 7424K, reserved 1056768K
  class space    used 616K, capacity 656K, committed 768K, reserved 1048576K

Deoptimization events (10 events):
Event: 4.083 Thread 0x00007f6ad013c000 Uncommon trap: reason=bimorphic action=maybe_recompile pc=0x00007f6ac13ae8e4 method=java.util.HashMap.putVal(ILjava/lang/Object;Ljava/lang/Object;ZZ)Ljava/lang/Object; @ 203
Event: 4.083 Thread 0x00007f6ad013c000 Uncommon trap: reason=bimorphic action=maybe_recompile pc=0x00007f6ac13ae8e4 method=java.util.HashMap.putVal(ILjava/lang/Object;Ljava/lang/Object;ZZ)Ljava/lang/Object; @ 203
Event: 4.114 Thread 0x00007f6ad013c000 Uncommon trap: reason=unstable_if action=reinterpret pc=0x00007f6ac12e1e84 method=java.util.HashMap.putVal(ILjava/lang/Object;Ljava/lang/Object;ZZ)Ljava/lang/Object; @ 162
Event: 4.283 Thread 0x00007f6ad013e800 Uncommon trap: reason=unstable_if action=reinterpret pc=0x00007f6ac13ae41c method=java.util.HashMap.putVal(ILjava/lang/Object;Ljava/lang/Object;ZZ)Ljava/lang/Object; @ 162
Event: 5.297 Thread 0x00007f6ad013e800 Uncommon trap: reason=unstable_if action=reinterpret pc=0x00007f6ac13754d0 method=com.android.dx.dex.code.OutputFinisher.hasLocalInfo(Lcom/android/dx/dex/code/DalvInsn;)Z @ 24
Event: 5.656 Thread 0x00007f6ad0138000 Uncommon trap: reason=bimorphic action=maybe_recompile pc=0x00007f6ac163bbf0 method=com.android.dx.cf.code.BytecodeArray.parseInstruction(ILcom/android/dx/cf/code/BytecodeArray$Visitor;)I @ 971
Event: 5.656 Thread 0x00007f6ad0138000 Uncommon trap: reason=bimorphic action=maybe_recompile pc=0x00007f6ac163bbf0 method=com.android.dx.cf.code.BytecodeArray.parseInstruction(ILcom/android/dx/cf/code/BytecodeArray$Visitor;)I @ 971
Event: 5.657 Thread 0x00007f6ad0138000 Uncommon trap: reason=bimorphic action=maybe_recompile pc=0x00007f6ac163bbf0 method=com.android.dx.cf.code.BytecodeArray.parseInstruction(ILcom/android/dx/cf/code/BytecodeArray$Visitor;)I @ 971
Event: 5.657 Thread 0x00007f6ad0138000 Uncommon trap: reason=bimorphic action=maybe_recompile pc=0x00007f6ac163bbf0 method=com.android.dx.cf.code.BytecodeArray.parseInstruction(ILcom/android/dx/cf/code/BytecodeArray$Visitor;)I @ 971
Event: 5.802 Thread 0x00007f6ad0008800 Uncommon trap: reason=unstable_if action=reinterpret pc=0x00007f6ac164e45c method=com.android.dx.ssa.SCCP.simulateBranch(Lcom/android/dx/ssa/SsaInsn;)V @ 548

Internal exceptions (7 events):
Event: 0.112 Thread 0x00007f6ad0008800 Exception <a 'java/lang/NoSuchMethodError': Method sun.misc.Unsafe.defineClass(Ljava/lang/String;[BII)Ljava/lang/Class; name or signature does not match> (0x00000000eab07cc0) thrown at [/HUDSON3/workspace/8-2-build-linux-amd64/jdk8u101/7261/hotspot/src/sh
Event: 0.112 Thread 0x00007f6ad0008800 Exception <a 'java/lang/NoSuchMethodError': Method sun.misc.Unsafe.prefetchRead(Ljava/lang/Object;J)V name or signature does not match> (0x00000000eab07fa8) thrown at [/HUDSON3/workspace/8-2-build-linux-amd64/jdk8u101/7261/hotspot/src/share/vm/prims/jni.c
Event: 2.117 Thread 0x00007f6ad013e800 Implicit null exception at 0x00007f6ac12da8e2 to 0x00007f6ac12da9d3
Event: 2.333 Thread 0x00007f6ad0138000 Implicit null exception at 0x00007f6ac12c8cec to 0x00007f6ac12cbba9
Event: 4.134 Thread 0x00007f6ad013c000 Exception <a 'java/lang/ArrayIndexOutOfBoundsException': 18> (0x00000000ed096170) thrown at [/HUDSON3/workspace/8-2-build-linux-amd64/jdk8u101/7261/hotspot/src/share/vm/interpreter/interpreterRuntime.cpp, line 366]
Event: 4.134 Thread 0x00007f6ad013c000 Exception <a 'java/lang/ArrayIndexOutOfBoundsException': 145> (0x00000000ed097cf0) thrown at [/HUDSON3/workspace/8-2-build-linux-amd64/jdk8u101/7261/hotspot/src/share/vm/interpreter/interpreterRuntime.cpp, line 366]
Event: 4.135 Thread 0x00007f6ad013c000 Exception <a 'java/lang/ArrayIndexOutOfBoundsException': 40> (0x00000000ed098fd8) thrown at [/HUDSON3/workspace/8-2-build-linux-amd64/jdk8u101/7261/hotspot/src/share/vm/interpreter/interpreterRuntime.cpp, line 366]

Events (10 events):
Event: 5.940 Thread 0x00007f6ad013e800 DEOPT UNPACKING pc=0x00007f6ac1047633 sp=0x00007f6abdbbeef8 mode 0
Event: 6.015 Thread 0x00007f6ad013c000 DEOPT PACKING pc=0x00007f6ac13a6d6c sp=0x00007f6abddc0d60
Event: 6.015 Thread 0x00007f6ad013c000 DEOPT UNPACKING pc=0x00007f6ac1047633 sp=0x00007f6abddc0a60 mode 0
Event: 6.231 Thread 0x00007f6ad013c000 DEOPT PACKING pc=0x00007f6ac13a6d6c sp=0x00007f6abddc0de0
Event: 6.231 Thread 0x00007f6ad013c000 DEOPT UNPACKING pc=0x00007f6ac1047633 sp=0x00007f6abddc0ae0 mode 0
Event: 6.320 loading class java/util/HashMap$KeySet
Event: 6.321 loading class java/util/HashMap$KeySet done
Event: 6.325 loading class java/util/HashMap$KeyIterator
Event: 6.325 loading class java/util/HashMap$KeyIterator done
Event: 6.406 Executing VM operation: ParallelGCFailedAllocation


Dynamic libraries:
00400000-00401000 r-xp 00000000 fd:02 2755871                            /home/h3moglob1n/opt/jdk1.8.0_101/bin/java
00600000-00601000 rw-p 00000000 fd:02 2755871                            /home/h3moglob1n/opt/jdk1.8.0_101/bin/java
00f21000-00f42000 rw-p 00000000 00:00 0                                  [heap]
c0000000-c2800000 rw-p 00000000 00:00 0 
c2800000-eab00000 ---p 00000000 00:00 0 
eab00000-f3e00000 rw-p 00000000 00:00 0 
fc600000-100000000 ---p 00000000 00:00 0 
100000000-1000c0000 rw-p 00000000 00:00 0 
1000c0000-140000000 ---p 00000000 00:00 0 
7f6a6c000000-7f6a6c021000 rw-p 00000000 00:00 0 
7f6a6c021000-7f6a70000000 ---p 00000000 00:00 0 
7f6a70000000-7f6a7002e000 rw-p 00000000 00:00 0 
7f6a7002e000-7f6a74000000 ---p 00000000 00:00 0 
7f6a74000000-7f6a74021000 rw-p 00000000 00:00 0 
7f6a74021000-7f6a78000000 ---p 00000000 00:00 0 
7f6a78000000-7f6a7802d000 rw-p 00000000 00:00 0 
7f6a7802d000-7f6a7c000000 ---p 00000000 00:00 0 
7f6a7c000000-7f6a7c021000 rw-p 00000000 00:00 0 
7f6a7c021000-7f6a80000000 ---p 00000000 00:00 0 
7f6a80000000-7f6a80039000 rw-p 00000000 00:00 0 
7f6a80039000-7f6a84000000 ---p 00000000 00:00 0 
7f6a84000000-7f6a84b10000 rw-p 00000000 00:00 0 
7f6a84b10000-7f6a88000000 ---p 00000000 00:00 0 
7f6a88000000-7f6a88021000 rw-p 00000000 00:00 0 
7f6a88021000-7f6a8c000000 ---p 00000000 00:00 0 
7f6a8c000000-7f6a8c8bc000 rw-p 00000000 00:00 0 
7f6a8c8bc000-7f6a90000000 ---p 00000000 00:00 0 
7f6a90000000-7f6a90ab2000 rw-p 00000000 00:00 0 
7f6a90ab2000-7f6a94000000 ---p 00000000 00:00 0 
7f6a94000000-7f6a94021000 rw-p 00000000 00:00 0 
7f6a94021000-7f6a98000000 ---p 00000000 00:00 0 
7f6a9968d000-7f6aa0000000 r--p 00000000 fd:00 924655                     /usr/lib/locale/locale-archive
7f6aa0000000-7f6aa0021000 rw-p 00000000 00:00 0 
7f6aa0021000-7f6aa4000000 ---p 00000000 00:00 0 
7f6aa4000000-7f6aa4021000 rw-p 00000000 00:00 0 
7f6aa4021000-7f6aa8000000 ---p 00000000 00:00 0 
7f6aa8000000-7f6aa8021000 rw-p 00000000 00:00 0 
7f6aa8021000-7f6aac000000 ---p 00000000 00:00 0 
7f6aac000000-7f6aac28e000 rw-p 00000000 00:00 0 
7f6aac28e000-7f6ab0000000 ---p 00000000 00:00 0 
7f6ab0000000-7f6ab0021000 rw-p 00000000 00:00 0 
7f6ab0021000-7f6ab4000000 ---p 00000000 00:00 0 
7f6ab4000000-7f6ab4021000 rw-p 00000000 00:00 0 
7f6ab4021000-7f6ab8000000 ---p 00000000 00:00 0 
7f6ab8000000-7f6ab8021000 rw-p 00000000 00:00 0 
7f6ab8021000-7f6abc000000 ---p 00000000 00:00 0 
7f6abdac0000-7f6abdac3000 ---p 00000000 00:00 0 
7f6abdac3000-7f6abdbc1000 rw-p 00000000 00:00 0 
7f6abdbc1000-7f6abdbc4000 ---p 00000000 00:00 0 
7f6abdbc4000-7f6abdcc2000 rw-p 00000000 00:00 0 
7f6abdcc2000-7f6abdcc5000 ---p 00000000 00:00 0 
7f6abdcc5000-7f6abddc3000 rw-p 00000000 00:00 0 
7f6abddc3000-7f6abddc6000 ---p 00000000 00:00 0 
7f6abddc6000-7f6abdec4000 rw-p 00000000 00:00 0 
7f6abdec4000-7f6abdec7000 ---p 00000000 00:00 0 
7f6abdec7000-7f6abdfc5000 rw-p 00000000 00:00 0 
7f6abdfcf000-7f6abdfd0000 ---p 00000000 00:00 0 
7f6abdfd0000-7f6abe0d0000 rw-p 00000000 00:00 0 
7f6abe0d0000-7f6abe0d3000 ---p 00000000 00:00 0 
7f6abe0d3000-7f6abe1d1000 rw-p 00000000 00:00 0 
7f6abe1d1000-7f6abe1d4000 ---p 00000000 00:00 0 
7f6abe1d4000-7f6abe2d2000 rw-p 00000000 00:00 0 
7f6abe2d2000-7f6abe2d5000 ---p 00000000 00:00 0 
7f6abe2d5000-7f6abe3d3000 rw-p 00000000 00:00 0 
7f6abe3d3000-7f6abe3d6000 ---p 00000000 00:00 0 
7f6abe3d6000-7f6abe4d4000 rw-p 00000000 00:00 0 
7f6abe4d4000-7f6abe4d7000 ---p 00000000 00:00 0 
7f6abe4d7000-7f6abe5d5000 rw-p 00000000 00:00 0 
7f6abe5d5000-7f6abe5d8000 ---p 00000000 00:00 0 
7f6abe5d8000-7f6abe6d6000 rw-p 00000000 00:00 0 
7f6abe6d6000-7f6abe6d9000 ---p 00000000 00:00 0 
7f6abe6d9000-7f6abe7d7000 rw-p 00000000 00:00 0 
7f6abe7d7000-7f6abe7d8000 ---p 00000000 00:00 0 
7f6abe7d8000-7f6ac1000000 rw-p 00000000 00:00 0 
7f6ac1000000-7f6ac16b0000 rwxp 00000000 00:00 0 
7f6ac16b0000-7f6ad0000000 ---p 00000000 00:00 0 
7f6ad0000000-7f6ad038d000 rw-p 00000000 00:00 0 
7f6ad038d000-7f6ad4000000 ---p 00000000 00:00 0 
7f6ad4001000-7f6ad400f000 r--s 000e0000 fd:02 3016327                    /home/h3moglob1n/Android/Sdk/build-tools/24.0.2/lib/dx.jar
7f6ad400f000-7f6ad489b000 rw-p 00000000 00:00 0 
7f6ad489b000-7f6ad4a74000 r--s 03d29000 fd:02 2755816                    /home/h3moglob1n/opt/jdk1.8.0_101/jre/lib/rt.jar
7f6ad4a74000-7f6ad516a000 rw-p 00000000 00:00 0 
7f6ad516a000-7f6ad52ea000 ---p 00000000 00:00 0 
7f6ad52ea000-7f6ad54ea000 rw-p 00000000 00:00 0 
7f6ad54ea000-7f6ad54eb000 ---p 00000000 00:00 0 
7f6ad54eb000-7f6ad55eb000 rw-p 00000000 00:00 0 
7f6ad55eb000-7f6ad55ec000 ---p 00000000 00:00 0 
7f6ad55ec000-7f6ad56ec000 rw-p 00000000 00:00 0 
7f6ad56ec000-7f6ad56ed000 ---p 00000000 00:00 0 
7f6ad56ed000-7f6ad57ed000 rw-p 00000000 00:00 0 
7f6ad57ed000-7f6ad57ee000 ---p 00000000 00:00 0 
7f6ad57ee000-7f6ad5902000 rw-p 00000000 00:00 0 
7f6ad5902000-7f6ad5a44000 ---p 00000000 00:00 0 
7f6ad5a44000-7f6ad5a58000 rw-p 00000000 00:00 0 
7f6ad5a58000-7f6ad5b99000 ---p 00000000 00:00 0 
7f6ad5b99000-7f6ad5be3000 rw-p 00000000 00:00 0 
7f6ad5be3000-7f6ad5c44000 ---p 00000000 00:00 0 
7f6ad5c44000-7f6ad5c60000 rw-p 00000000 00:00 0 
7f6ad5c60000-7f6ad6005000 ---p 00000000 00:00 0 
7f6ad6005000-7f6ad601f000 r-xp 00000000 fd:02 2755673                    /home/h3moglob1n/opt/jdk1.8.0_101/jre/lib/amd64/libzip.so
7f6ad601f000-7f6ad621f000 ---p 0001a000 fd:02 2755673                    /home/h3moglob1n/opt/jdk1.8.0_101/jre/lib/amd64/libzip.so
7f6ad621f000-7f6ad6220000 rw-p 0001a000 fd:02 2755673                    /home/h3moglob1n/opt/jdk1.8.0_101/jre/lib/amd64/libzip.so
7f6ad6220000-7f6ad622b000 r-xp 00000000 fd:00 924515                     /usr/lib64/libnss_files-2.23.so
7f6ad622b000-7f6ad642a000 ---p 0000b000 fd:00 924515                     /usr/lib64/libnss_files-2.23.so
7f6ad642a000-7f6ad642b000 r--p 0000a000 fd:00 924515                     /usr/lib64/libnss_files-2.23.so
7f6ad642b000-7f6ad642c000 rw-p 0000b000 fd:00 924515                     /usr/lib64/libnss_files-2.23.so
7f6ad642c000-7f6ad6432000 rw-p 00000000 00:00 0 
7f6ad6432000-7f6ad645c000 r-xp 00000000 fd:02 2755649                    /home/h3moglob1n/opt/jdk1.8.0_101/jre/lib/amd64/libjava.so
7f6ad645c000-7f6ad665c000 ---p 0002a000 fd:02 2755649                    /home/h3moglob1n/opt/jdk1.8.0_101/jre/lib/amd64/libjava.so
7f6ad665c000-7f6ad665e000 rw-p 0002a000 fd:02 2755649                    /home/h3moglob1n/opt/jdk1.8.0_101/jre/lib/amd64/libjava.so
7f6ad665e000-7f6ad666b000 r-xp 00000000 fd:02 2755614                    /home/h3moglob1n/opt/jdk1.8.0_101/jre/lib/amd64/libverify.so
7f6ad666b000-7f6ad686b000 ---p 0000d000 fd:02 2755614                    /home/h3moglob1n/opt/jdk1.8.0_101/jre/lib/amd64/libverify.so
7f6ad686b000-7f6ad686d000 rw-p 0000d000 fd:02 2755614                    /home/h3moglob1n/opt/jdk1.8.0_101/jre/lib/amd64/libverify.so
7f6ad686d000-7f6ad6874000 r-xp 00000000 fd:00 924527                     /usr/lib64/librt-2.23.so
7f6ad6874000-7f6ad6a73000 ---p 00007000 fd:00 924527                     /usr/lib64/librt-2.23.so
7f6ad6a73000-7f6ad6a74000 r--p 00006000 fd:00 924527                     /usr/lib64/librt-2.23.so
7f6ad6a74000-7f6ad6a75000 rw-p 00007000 fd:00 924527                     /usr/lib64/librt-2.23.so
7f6ad6a75000-7f6ad6b7d000 r-xp 00000000 fd:00 924503                     /usr/lib64/libm-2.23.so
7f6ad6b7d000-7f6ad6d7c000 ---p 00108000 fd:00 924503                     /usr/lib64/libm-2.23.so
7f6ad6d7c000-7f6ad6d7d000 r--p 00107000 fd:00 924503                     /usr/lib64/libm-2.23.so
7f6ad6d7d000-7f6ad6d7e000 rw-p 00108000 fd:00 924503                     /usr/lib64/libm-2.23.so
7f6ad6d7e000-7f6ad7a49000 r-xp 00000000 fd:02 2755531                    /home/h3moglob1n/opt/jdk1.8.0_101/jre/lib/amd64/server/libjvm.so
7f6ad7a49000-7f6ad7c48000 ---p 00ccb000 fd:02 2755531                    /home/h3moglob1n/opt/jdk1.8.0_101/jre/lib/amd64/server/libjvm.so
7f6ad7c48000-7f6ad7d21000 rw-p 00cca000 fd:02 2755531                    /home/h3moglob1n/opt/jdk1.8.0_101/jre/lib/amd64/server/libjvm.so
7f6ad7d21000-7f6ad7d6c000 rw-p 00000000 00:00 0 
7f6ad7d6c000-7f6ad7f25000 r-xp 00000000 fd:00 924495                     /usr/lib64/libc-2.23.so
7f6ad7f25000-7f6ad8124000 ---p 001b9000 fd:00 924495                     /usr/lib64/libc-2.23.so
7f6ad8124000-7f6ad8128000 r--p 001b8000 fd:00 924495                     /usr/lib64/libc-2.23.so
7f6ad8128000-7f6ad812a000 rw-p 001bc000 fd:00 924495                     /usr/lib64/libc-2.23.so
7f6ad812a000-7f6ad812e000 rw-p 00000000 00:00 0 
7f6ad812e000-7f6ad8131000 r-xp 00000000 fd:00 924501                     /usr/lib64/libdl-2.23.so
7f6ad8131000-7f6ad8330000 ---p 00003000 fd:00 924501                     /usr/lib64/libdl-2.23.so
7f6ad8330000-7f6ad8331000 r--p 00002000 fd:00 924501                     /usr/lib64/libdl-2.23.so
7f6ad8331000-7f6ad8332000 rw-p 00003000 fd:00 924501                     /usr/lib64/libdl-2.23.so
7f6ad8332000-7f6ad8347000 r-xp 00000000 fd:02 2755682                    /home/h3moglob1n/opt/jdk1.8.0_101/lib/amd64/jli/libjli.so
7f6ad8347000-7f6ad8547000 ---p 00015000 fd:02 2755682                    /home/h3moglob1n/opt/jdk1.8.0_101/lib/amd64/jli/libjli.so
7f6ad8547000-7f6ad8548000 rw-p 00015000 fd:02 2755682                    /home/h3moglob1n/opt/jdk1.8.0_101/lib/amd64/jli/libjli.so
7f6ad8548000-7f6ad855f000 r-xp 00000000 fd:00 924523                     /usr/lib64/libpthread-2.23.so
7f6ad855f000-7f6ad875e000 ---p 00017000 fd:00 924523                     /usr/lib64/libpthread-2.23.so
7f6ad875e000-7f6ad875f000 r--p 00016000 fd:00 924523                     /usr/lib64/libpthread-2.23.so
7f6ad875f000-7f6ad8760000 rw-p 00017000 fd:00 924523                     /usr/lib64/libpthread-2.23.so
7f6ad8760000-7f6ad8764000 rw-p 00000000 00:00 0 
7f6ad8764000-7f6ad8788000 r-xp 00000000 fd:00 924488                     /usr/lib64/ld-2.23.so
7f6ad8791000-7f6ad8863000 rw-p 00000000 00:00 0 
7f6ad8863000-7f6ad8866000 ---p 00000000 00:00 0 
7f6ad8866000-7f6ad897c000 rw-p 00000000 00:00 0 
7f6ad897c000-7f6ad8984000 rw-s 00000000 00:27 2945081                    /tmp/hsperfdata_h3moglob1n/3345
7f6ad8984000-7f6ad8985000 rw-p 00000000 00:00 0 
7f6ad8985000-7f6ad8986000 ---p 00000000 00:00 0 
7f6ad8986000-7f6ad8987000 rw-p 00000000 00:00 0 
7f6ad8987000-7f6ad8988000 r--p 00023000 fd:00 924488                     /usr/lib64/ld-2.23.so
7f6ad8988000-7f6ad8989000 rw-p 00024000 fd:00 924488                     /usr/lib64/ld-2.23.so
7f6ad8989000-7f6ad898a000 rw-p 00000000 00:00 0 
7ffd37f21000-7ffd37f43000 rw-p 00000000 00:00 0                          [stack]
7ffd37fed000-7ffd37ff0000 r--p 00000000 00:00 0                          [vvar]
7ffd37ff0000-7ffd37ff2000 r-xp 00000000 00:00 0                          [vdso]
ffffffffff600000-ffffffffff601000 r-xp 00000000 00:00 0                  [vsyscall]

VM Arguments:
jvm_args: -Djava.awt.headless=true -Xmx1024M -Dfile.encoding=UTF-8 -Duser.country=US -Duser.language=en -Duser.variant 
java_command: com.android.dx.command.Main --dex --force-jumbo --num-threads=4 --output /home/h3moglob1n/git-clones/android-beginner/SchoolContactInfo/app/build/intermediates/pre-dexed/debug/com.android.support-appcompat-v7-24.2.0_c319bdcfb677f73c9bf39074aacc6b9daee57fa3.jar /home/h3moglob1n/git-clones/android-beginner/SchoolContactInfo/app/build/intermediates/exploded-aar/com.android.support/appcompat-v7/24.2.0/jars/classes.jar
java_class_path (initial): /home/h3moglob1n/Android/Sdk/build-tools/24.0.2/lib/dx.jar
Launcher Type: SUN_STANDARD

Environment Variables:
JAVA_HOME=/home/h3moglob1n/opt/jdk1.8.0_101
CLASSPATH=./../lib/bootstrap.jar:./../lib/extensions.jar:./../lib/util.jar:./../lib/jdom.jar:./../lib/log4j.jar:./../lib/trove4j.jar:./../lib/jna.jar:/home/h3moglob1n/opt/jdk1.8.0_101/lib/tools.jar
PATH=/home/h3moglob1n/opt/jdk1.8.0_101/bin:/usr/lib64/qt-3.3/bin:/usr/local/bin:/usr/local/sbin:/usr/bin:/usr/sbin:/home/h3moglob1n/.local/bin:/home/h3moglob1n/bin:/home/h3moglob1n/opt/jdk1.8.0_101/bin:/home/h3moglob1n/Android/Sdk/tools:/home/h3moglob1n/Android/Sdk/platform-tools
USERNAME=h3moglob1n
LD_LIBRARY_PATH=.:
SHELL=/bin/bash
DISPLAY=:0

Signal Handlers:
SIGSEGV: [libjvm.so+0xac4790], sa_mask[0]=11111111011111111101111111111110, sa_flags=SA_RESTART|SA_SIGINFO
SIGBUS: [libjvm.so+0xac4790], sa_mask[0]=11111111011111111101111111111110, sa_flags=SA_RESTART|SA_SIGINFO
SIGFPE: [libjvm.so+0x91f140], sa_mask[0]=11111111011111111101111111111110, sa_flags=SA_RESTART|SA_SIGINFO
SIGPIPE: [libjvm.so+0x91f140], sa_mask[0]=11111111011111111101111111111110, sa_flags=SA_RESTART|SA_SIGINFO
SIGXFSZ: [libjvm.so+0x91f140], sa_mask[0]=11111111011111111101111111111110, sa_flags=SA_RESTART|SA_SIGINFO
SIGILL: [libjvm.so+0x91f140], sa_mask[0]=11111111011111111101111111111110, sa_flags=SA_RESTART|SA_SIGINFO
SIGUSR1: SIG_DFL, sa_mask[0]=00000000000000000000000000000000, sa_flags=none
SIGUSR2: [libjvm.so+0x920770], sa_mask[0]=00100000000000000000000000000000, sa_flags=SA_RESTART|SA_SIGINFO
SIGHUP: [libjvm.so+0x921b70], sa_mask[0]=11111111011111111101111111111110, sa_flags=SA_RESTART|SA_SIGINFO
SIGINT: [libjvm.so+0x921b70], sa_mask[0]=11111111011111111101111111111110, sa_flags=SA_RESTART|SA_SIGINFO
SIGTERM: [libjvm.so+0x921b70], sa_mask[0]=11111111011111111101111111111110, sa_flags=SA_RESTART|SA_SIGINFO
SIGQUIT: [libjvm.so+0x921b70], sa_mask[0]=11111111011111111101111111111110, sa_flags=SA_RESTART|SA_SIGINFO


---------------  S Y S T E M  ---------------

OS:Fedora release 24 (Twenty Four)

uname:Linux 4.6.6-300.fc24.x86_64 #1 SMP Wed Aug 10 21:07:35 UTC 2016 x86_64
libc:glibc 2.23 NPTL 2.23 
rlimit: STACK 8192k, CORE 0k, NPROC 15252, NOFILE 4096, AS infinity
load average:3.81 1.08 0.69

/proc/meminfo:
MemTotal:        3926804 kB
MemFree:           90668 kB
MemAvailable:      16624 kB
Buffers:             708 kB
Cached:           254988 kB
SwapCached:        15708 kB
Active:          2808332 kB
Inactive:         748480 kB
Active(anon):    2781912 kB
Inactive(anon):   733376 kB
Active(file):      26420 kB
Inactive(file):    15104 kB
Unevictable:          16 kB
Mlocked:              16 kB
SwapTotal:       3932156 kB
SwapFree:              0 kB
Dirty:                 0 kB
Writeback:             4 kB
AnonPages:       3288000 kB
Mapped:           179876 kB
Shmem:            213520 kB
Slab:             116908 kB
SReclaimable:      46384 kB
SUnreclaim:        70524 kB
KernelStack:       15376 kB
PageTables:        74680 kB
NFS_Unstable:          0 kB
Bounce:                0 kB
WritebackTmp:          0 kB
CommitLimit:     5895556 kB
Committed_AS:   14445168 kB
VmallocTotal:   34359738367 kB
VmallocUsed:           0 kB
VmallocChunk:          0 kB
HardwareCorrupted:     0 kB
AnonHugePages:         0 kB
CmaTotal:              0 kB
CmaFree:               0 kB
HugePages_Total:       0
HugePages_Free:        0
HugePages_Rsvd:        0
HugePages_Surp:        0
Hugepagesize:       2048 kB
DirectMap4k:      401024 kB
DirectMap2M:     3674112 kB


CPU:total 4 (2 cores per cpu, 2 threads per core) family 6 model 42 stepping 7, cmov, cx8, fxsr, mmx, sse, sse2, sse3, ssse3, sse4.1, sse4.2, popcnt, avx, aes, clmul, ht, tsc, tscinvbit

/proc/cpuinfo:
processor	: 0
vendor_id	: GenuineIntel
cpu family	: 6
model		: 42
model name	: Intel(R) Core(TM) i5-2520M CPU @ 2.50GHz
stepping	: 7
microcode	: 0x29
cpu MHz		: 2829.589
cache size	: 3072 KB
physical id	: 0
siblings	: 4
core id		: 0
cpu cores	: 2
apicid		: 0
initial apicid	: 0
fpu		: yes
fpu_exception	: yes
cpuid level	: 13
wp		: yes
flags		: fpu vme de pse tsc msr pae mce cx8 apic sep mtrr pge mca cmov pat pse36 clflush dts acpi mmx fxsr sse sse2 ss ht tm pbe syscall nx rdtscp lm constant_tsc arch_perfmon pebs bts nopl xtopology nonstop_tsc aperfmperf eagerfpu pni pclmulqdq dtes64 monitor ds_cpl vmx smx est tm2 ssse3 cx16 xtpr pdcm pcid sse4_1 sse4_2 x2apic popcnt tsc_deadline_timer aes xsave avx lahf_lm epb tpr_shadow vnmi flexpriority ept vpid xsaveopt dtherm ida arat pln pts
bugs		:
bogomips	: 4983.72
clflush size	: 64
cache_alignment	: 64
address sizes	: 36 bits physical, 48 bits virtual
power management:

processor	: 1
vendor_id	: GenuineIntel
cpu family	: 6
model		: 42
model name	: Intel(R) Core(TM) i5-2520M CPU @ 2.50GHz
stepping	: 7
microcode	: 0x29
cpu MHz		: 2799.707
cache size	: 3072 KB
physical id	: 0
siblings	: 4
core id		: 0
cpu cores	: 2
apicid		: 1
initial apicid	: 1
fpu		: yes
fpu_exception	: yes
cpuid level	: 13
wp		: yes
flags		: fpu vme de pse tsc msr pae mce cx8 apic sep mtrr pge mca cmov pat pse36 clflush dts acpi mmx fxsr sse sse2 ss ht tm pbe syscall nx rdtscp lm constant_tsc arch_perfmon pebs bts nopl xtopology nonstop_tsc aperfmperf eagerfpu pni pclmulqdq dtes64 monitor ds_cpl vmx smx est tm2 ssse3 cx16 xtpr pdcm pcid sse4_1 sse4_2 x2apic popcnt tsc_deadline_timer aes xsave avx lahf_lm epb tpr_shadow vnmi flexpriority ept vpid xsaveopt dtherm ida arat pln pts
bugs		:
bogomips	: 5000.34
clflush size	: 64
cache_alignment	: 64
address sizes	: 36 bits physical, 48 bits virtual
power management:

processor	: 2
vendor_id	: GenuineIntel
cpu family	: 6
model		: 42
model name	: Intel(R) Core(TM) i5-2520M CPU @ 2.50GHz
stepping	: 7
microcode	: 0x29
cpu MHz		: 2835.644
cache size	: 3072 KB
physical id	: 0
siblings	: 4
core id		: 1
cpu cores	: 2
apicid		: 2
initial apicid	: 2
fpu		: yes
fpu_exception	: yes
cpuid level	: 13
wp		: yes
flags		: fpu vme de pse tsc msr pae mce cx8 apic sep mtrr pge mca cmov pat pse36 clflush dts acpi mmx fxsr sse sse2 ss ht tm pbe syscall nx rdtscp lm constant_tsc arch_perfmon pebs bts nopl xtopology nonstop_tsc aperfmperf eagerfpu pni pclmulqdq dtes64 monitor ds_cpl vmx smx est tm2 ssse3 cx16 xtpr pdcm pcid sse4_1 sse4_2 x2apic popcnt tsc_deadline_timer aes xsave avx lahf_lm epb tpr_shadow vnmi flexpriority ept vpid xsaveopt dtherm ida arat pln pts
bugs		:
bogomips	: 4996.56
clflush size	: 64
cache_alignment	: 64
address sizes	: 36 bits physical, 48 bits virtual
power management:

processor	: 3
vendor_id	: GenuineIntel
cpu family	: 6
model		: 42
model name	: Intel(R) Core(TM) i5-2520M CPU @ 2.50GHz
stepping	: 7
microcode	: 0x29
cpu MHz		: 2801.660
cache size	: 3072 KB
physical id	: 0
siblings	: 4
core id		: 1
cpu cores	: 2
apicid		: 3
initial apicid	: 3
fpu		: yes
fpu_exception	: yes
cpuid level	: 13
wp		: yes
flags		: fpu vme de pse tsc msr pae mce cx8 apic sep mtrr pge mca cmov pat pse36 clflush dts acpi mmx fxsr sse sse2 ss ht tm pbe syscall nx rdtscp lm constant_tsc arch_perfmon pebs bts nopl xtopology nonstop_tsc aperfmperf eagerfpu pni pclmulqdq dtes64 monitor ds_cpl vmx smx est tm2 ssse3 cx16 xtpr pdcm pcid sse4_1 sse4_2 x2apic popcnt tsc_deadline_timer aes xsave avx lahf_lm epb tpr_shadow vnmi flexpriority ept vpid xsaveopt dtherm ida arat pln pts
bugs		:
bogomips	: 4996.33
clflush size	: 64
cache_alignment	: 64
address sizes	: 36 bits physical, 48 bits virtual
power management:



Memory: 4k page, physical 3926804k(91160k free), swap 3932156k(0k free)

vm_info: Java HotSpot(TM) 64-Bit Server VM (25.101-b13) for linux-amd64 JRE (1.8.0_101-b13), built on Jun 22 2016 02:59:44 by "java_re" with gcc 4.3.0 20080428 (Red Hat 4.3.0-8)

time: Tue Jan 31 09:15:49 2017
elapsed time: 7 seconds (0d 0h 0m 7s)

