#
# There is insufficient memory for the Java Runtime Environment to continue.
# Native memory allocation (mmap) failed to map 83361792 bytes for committing reserved memory.
# Possible reasons:
#   The system is out of physical RAM or swap space
#   In 32 bit mode, the process size limit was hit
# Possible solutions:
#   Reduce memory load on the system
#   Increase physical memory or swap space
#   Check if swap backing store is full
#   Use 64 bit Java on a 64 bit OS
#   Decrease Java heap size (-Xmx/-Xms)
#   Decrease number of Java threads
#   Decrease Java thread stack sizes (-Xss)
#   Set larger code cache with -XX:ReservedCodeCacheSize=
# This output file may be truncated or incomplete.
#
#  Out of Memory Error (os_linux.cpp:2627), pid=7376, tid=0x00007f2cc55fc700
#
# JRE version: Java(TM) SE Runtime Environment (8.0_101-b13) (build 1.8.0_101-b13)
# Java VM: Java HotSpot(TM) 64-Bit Server VM (25.101-b13 mixed mode linux-amd64 compressed oops)
# Failed to write core dump. Core dumps have been disabled. To enable core dumping, try "ulimit -c unlimited" before starting Java again
#

---------------  T H R E A D  ---------------

Current thread (0x00007f2cd8077000):  VMThread [stack: 0x00007f2cc54fc000,0x00007f2cc55fd000] [id=7385]

Stack: [0x00007f2cc54fc000,0x00007f2cc55fd000],  sp=0x00007f2cc55fb120,  free space=1020k
Native frames: (J=compiled Java code, j=interpreted, Vv=VM code, C=native code)
V  [libjvm.so+0xac3f0a]  VMError::report_and_die()+0x2ba
V  [libjvm.so+0x4fbf9b]  report_vm_out_of_memory(char const*, int, unsigned long, VMErrorType, char const*)+0x8b
V  [libjvm.so+0x9222d3]  os::Linux::commit_memory_impl(char*, unsigned long, bool)+0x103
V  [libjvm.so+0x922829]  os::pd_commit_memory(char*, unsigned long, unsigned long, bool)+0x29
V  [libjvm.so+0x91cb2a]  os::commit_memory(char*, unsigned long, unsigned long, bool)+0x2a
V  [libjvm.so+0x991053]  PSVirtualSpace::expand_by(unsigned long)+0x53
V  [libjvm.so+0x992458]  PSYoungGen::resize_generation(unsigned long, unsigned long)+0xf8
V  [libjvm.so+0x9915b2]  PSYoungGen::resize(unsigned long, unsigned long)+0x22
V  [libjvm.so+0x98e88b]  PSScavenge::invoke_no_policy()+0xf3b
V  [libjvm.so+0x98f011]  PSScavenge::invoke()+0x41
V  [libjvm.so+0x945fc0]  ParallelScavengeHeap::failed_mem_allocate(unsigned long)+0x70
V  [libjvm.so+0xac5927]  VM_ParallelGCFailedAllocation::doit()+0x97
V  [libjvm.so+0xacd405]  VM_Operation::evaluate()+0x55
V  [libjvm.so+0xacb7da]  VMThread::evaluate_operation(VM_Operation*)+0xba
V  [libjvm.so+0xacbb5e]  VMThread::loop()+0x1ce
V  [libjvm.so+0xacbfd0]  VMThread::run()+0x70
V  [libjvm.so+0x924698]  java_start(Thread*)+0x108

VM_Operation (0x00007f2cc48e3890): ParallelGCFailedAllocation, mode: safepoint, requested by thread 0x00007f2cd8148800


---------------  P R O C E S S  ---------------

Java Threads: ( => current thread )
  0x00007f2cd8148800 JavaThread "pool-1-thread-4" [_thread_blocked, id=7404, stack(0x00007f2cc47e5000,0x00007f2cc48e6000)]
  0x00007f2cd813a800 JavaThread "pool-2-thread-1" [_thread_blocked, id=7399, stack(0x00007f2cc4ae8000,0x00007f2cc4be9000)]
  0x00007f2cd80bf800 JavaThread "Service Thread" daemon [_thread_blocked, id=7392, stack(0x00007f2cc4df5000,0x00007f2cc4ef6000)]
  0x00007f2cd80bc800 JavaThread "C1 CompilerThread2" daemon [_thread_blocked, id=7391, stack(0x00007f2cc4ef6000,0x00007f2cc4ff7000)]
  0x00007f2cd80ba800 JavaThread "C2 CompilerThread1" daemon [_thread_blocked, id=7390, stack(0x00007f2cc4ff7000,0x00007f2cc50f8000)]
  0x00007f2cd80b7800 JavaThread "C2 CompilerThread0" daemon [_thread_blocked, id=7389, stack(0x00007f2cc50f8000,0x00007f2cc51f9000)]
  0x00007f2cd80b6800 JavaThread "Signal Dispatcher" daemon [_thread_blocked, id=7388, stack(0x00007f2cc51f9000,0x00007f2cc52fa000)]
  0x00007f2cd8083000 JavaThread "Finalizer" daemon [_thread_blocked, id=7387, stack(0x00007f2cc52fa000,0x00007f2cc53fb000)]
  0x00007f2cd807e800 JavaThread "Reference Handler" daemon [_thread_blocked, id=7386, stack(0x00007f2cc53fb000,0x00007f2cc54fc000)]
  0x00007f2cd8008800 JavaThread "main" [_thread_blocked, id=7378, stack(0x00007f2cdf590000,0x00007f2cdf691000)]

Other Threads:
=>0x00007f2cd8077000 VMThread [stack: 0x00007f2cc54fc000,0x00007f2cc55fd000] [id=7385]
  0x00007f2cd80c2000 WatcherThread [stack: 0x00007f2cc4cf4000,0x00007f2cc4df5000] [id=7393]

VM state:at safepoint (normal execution)

VM Mutex/Monitor currently owned by a thread:  ([mutex/lock_event])
[0x00007f2cd8006710] Threads_lock - owner thread: 0x00007f2cd8077000
[0x00007f2cd8006c10] Heap_lock - owner thread: 0x00007f2cd8148800

Heap:
 PSYoungGen      total 134656K, used 17392K [0x00000000eab00000, 0x00000000f4300000, 0x0000000100000000)
  eden space 117248K, 0% used [0x00000000eab00000,0x00000000eab00000,0x00000000f1d80000)
  from space 17408K, 99% used [0x00000000f1d80000,0x00000000f2e7c0b8,0x00000000f2e80000)
  to   space 13824K, 0% used [0x00000000f2e80000,0x00000000f2e80000,0x00000000f3c00000)
 ParOldGen       total 40960K, used 34454K [0x00000000c0000000, 0x00000000c2800000, 0x00000000eab00000)
  object space 40960K, 84% used [0x00000000c0000000,0x00000000c21a5b40,0x00000000c2800000)
 Metaspace       used 6340K, capacity 7192K, committed 7424K, reserved 1056768K
  class space    used 616K, capacity 656K, committed 768K, reserved 1048576K

Card table byte_map: [0x00007f2cdc771000,0x00007f2cdc972000] byte_map_base: 0x00007f2cdc171000

Marking Bits: (ParMarkBitMap*) 0x00007f2cdea6c120
 Begin Bits: [0x00007f2cc7000000, 0x00007f2cc8000000)
 End Bits:   [0x00007f2cc8000000, 0x00007f2cc9000000)

Polling page: 0x00007f2cdf6b2000

CodeCache: size=245760Kb used=7008Kb max_used=7008Kb free=238751Kb
 bounds [0x00007f2cc9000000, 0x00007f2cc96e0000, 0x00007f2cd8000000]
 total_blobs=2098 nmethods=1829 adapters=182
 compilation: enabled

Compilation events (10 events):
Event: 9.176 Thread 0x00007f2cd80bc800 2088       2       com.android.dx.ssa.SsaMethod$1::visitMoveInsn (17 bytes)
Event: 9.176 Thread 0x00007f2cd80bc800 nmethod 2088 0x00007f2cc96d9e50 code [0x00007f2cc96d9fc0, 0x00007f2cc96da1d0]
Event: 9.184 Thread 0x00007f2cd80bc800 2089       2       com.android.dx.ssa.back.FirstFitLocalCombiningAllocator::ssaSetToSpecs (57 bytes)
Event: 9.186 Thread 0x00007f2cd80bc800 nmethod 2089 0x00007f2cc96da390 code [0x00007f2cc96da5a0, 0x00007f2cc96dadb8]
Event: 9.232 Thread 0x00007f2cd80bc800 2090       2       com.android.dx.ssa.NormalSsaInsn::changeOneSource (120 bytes)
Event: 9.233 Thread 0x00007f2cd80bc800 nmethod 2090 0x00007f2cc96db790 code [0x00007f2cc96db9a0, 0x00007f2cc96dc0f8]
Event: 9.237 Thread 0x00007f2cd80bc800 2091       2       java.util.TreeMap::entrySet (27 bytes)
Event: 9.238 Thread 0x00007f2cd80bc800 nmethod 2091 0x00007f2cc96dcad0 code [0x00007f2cc96dcc40, 0x00007f2cc96dce10]
Event: 9.238 Thread 0x00007f2cd80bc800 2092       2       java.util.TreeMap$EntrySet::iterator (19 bytes)
Event: 9.238 Thread 0x00007f2cd80bc800 nmethod 2092 0x00007f2cc96dce90 code [0x00007f2cc96dd000, 0x00007f2cc96dd270]

GC Heap History (10 events):
Event: 4.263 GC heap after
Heap after GC invocations=4 (full 0):
 PSYoungGen      total 33280K, used 2551K [0x00000000eab00000, 0x00000000ece00000, 0x0000000100000000)
  eden space 30720K, 0% used [0x00000000eab00000,0x00000000eab00000,0x00000000ec900000)
  from space 2560K, 99% used [0x00000000ecb80000,0x00000000ecdfdee0,0x00000000ece00000)
  to   space 2560K, 0% used [0x00000000ec900000,0x00000000ec900000,0x00000000ecb80000)
 ParOldGen       total 40960K, used 7741K [0x00000000c0000000, 0x00000000c2800000, 0x00000000eab00000)
  object space 40960K, 18% used [0x00000000c0000000,0x00000000c078f530,0x00000000c2800000)
 Metaspace       used 5833K, capacity 6832K, committed 7040K, reserved 1056768K
  class space    used 594K, capacity 616K, committed 640K, reserved 1048576K
}
Event: 4.885 GC heap before
{Heap before GC invocations=5 (full 0):
 PSYoungGen      total 33280K, used 33271K [0x00000000eab00000, 0x00000000ece00000, 0x0000000100000000)
  eden space 30720K, 100% used [0x00000000eab00000,0x00000000ec900000,0x00000000ec900000)
  from space 2560K, 99% used [0x00000000ecb80000,0x00000000ecdfdee0,0x00000000ece00000)
  to   space 2560K, 0% used [0x00000000ec900000,0x00000000ec900000,0x00000000ecb80000)
 ParOldGen       total 40960K, used 7741K [0x00000000c0000000, 0x00000000c2800000, 0x00000000eab00000)
  object space 40960K, 18% used [0x00000000c0000000,0x00000000c078f530,0x00000000c2800000)
 Metaspace       used 5887K, capacity 6832K, committed 7040K, reserved 1056768K
  class space    used 594K, capacity 616K, committed 640K, reserved 1048576K
Event: 4.933 GC heap after
Heap after GC invocations=5 (full 0):
 PSYoungGen      total 33280K, used 2534K [0x00000000eab00000, 0x00000000ef600000, 0x0000000100000000)
  eden space 30720K, 0% used [0x00000000eab00000,0x00000000eab00000,0x00000000ec900000)
  from space 2560K, 98% used [0x00000000ec900000,0x00000000ecb798c8,0x00000000ecb80000)
  to   space 7680K, 0% used [0x00000000eee80000,0x00000000eee80000,0x00000000ef600000)
 ParOldGen       total 40960K, used 12489K [0x00000000c0000000, 0x00000000c2800000, 0x00000000eab00000)
  object space 40960K, 30% used [0x00000000c0000000,0x00000000c0c326f0,0x00000000c2800000)
 Metaspace       used 5887K, capacity 6832K, committed 7040K, reserved 1056768K
  class space    used 594K, capacity 616K, committed 640K, reserved 1048576K
}
Event: 5.349 GC heap before
{Heap before GC invocations=6 (full 0):
 PSYoungGen      total 33280K, used 33254K [0x00000000eab00000, 0x00000000ef600000, 0x0000000100000000)
  eden space 30720K, 100% used [0x00000000eab00000,0x00000000ec900000,0x00000000ec900000)
  from space 2560K, 98% used [0x00000000ec900000,0x00000000ecb798c8,0x00000000ecb80000)
  to   space 7680K, 0% used [0x00000000eee80000,0x00000000eee80000,0x00000000ef600000)
 ParOldGen       total 40960K, used 12489K [0x00000000c0000000, 0x00000000c2800000, 0x00000000eab00000)
  object space 40960K, 30% used [0x00000000c0000000,0x00000000c0c326f0,0x00000000c2800000)
 Metaspace       used 5916K, capacity 6896K, committed 7040K, reserved 1056768K
  class space    used 595K, capacity 616K, committed 640K, reserved 1048576K
Event: 5.407 GC heap after
Heap after GC invocations=6 (full 0):
 PSYoungGen      total 68096K, used 7615K [0x00000000eab00000, 0x00000000ef800000, 0x0000000100000000)
  eden space 60416K, 0% used [0x00000000eab00000,0x00000000eab00000,0x00000000ee600000)
  from space 7680K, 99% used [0x00000000eee80000,0x00000000ef5eff00,0x00000000ef600000)
  to   space 8704K, 0% used [0x00000000ee600000,0x00000000ee600000,0x00000000eee80000)
 ParOldGen       total 40960K, used 12489K [0x00000000c0000000, 0x00000000c2800000, 0x00000000eab00000)
  object space 40960K, 30% used [0x00000000c0000000,0x00000000c0c326f0,0x00000000c2800000)
 Metaspace       used 5916K, capacity 6896K, committed 7040K, reserved 1056768K
  class space    used 595K, capacity 616K, committed 640K, reserved 1048576K
}
Event: 6.346 GC heap before
{Heap before GC invocations=7 (full 0):
 PSYoungGen      total 68096K, used 68031K [0x00000000eab00000, 0x00000000ef800000, 0x0000000100000000)
  eden space 60416K, 100% used [0x00000000eab00000,0x00000000ee600000,0x00000000ee600000)
  from space 7680K, 99% used [0x00000000eee80000,0x00000000ef5eff00,0x00000000ef600000)
  to   space 8704K, 0% used [0x00000000ee600000,0x00000000ee600000,0x00000000eee80000)
 ParOldGen       total 40960K, used 12489K [0x00000000c0000000, 0x00000000c2800000, 0x00000000eab00000)
  object space 40960K, 30% used [0x00000000c0000000,0x00000000c0c326f0,0x00000000c2800000)
 Metaspace       used 6034K, capacity 6960K, committed 7040K, reserved 1056768K
  class space    used 595K, capacity 616K, committed 640K, reserved 1048576K
Event: 6.472 GC heap after
Heap after GC invocations=7 (full 0):
 PSYoungGen      total 69120K, used 8692K [0x00000000eab00000, 0x00000000f3c00000, 0x0000000100000000)
  eden space 60416K, 0% used [0x00000000eab00000,0x00000000eab00000,0x00000000ee600000)
  from space 8704K, 99% used [0x00000000ee600000,0x00000000eee7d330,0x00000000eee80000)
  to   space 13824K, 0% used [0x00000000f2e80000,0x00000000f2e80000,0x00000000f3c00000)
 ParOldGen       total 40960K, used 20233K [0x00000000c0000000, 0x00000000c2800000, 0x00000000eab00000)
  object space 40960K, 49% used [0x00000000c0000000,0x00000000c13c2420,0x00000000c2800000)
 Metaspace       used 6034K, capacity 6960K, committed 7040K, reserved 1056768K
  class space    used 595K, capacity 616K, committed 640K, reserved 1048576K
}
Event: 7.308 GC heap before
{Heap before GC invocations=8 (full 0):
 PSYoungGen      total 69120K, used 69108K [0x00000000eab00000, 0x00000000f3c00000, 0x0000000100000000)
  eden space 60416K, 100% used [0x00000000eab00000,0x00000000ee600000,0x00000000ee600000)
  from space 8704K, 99% used [0x00000000ee600000,0x00000000eee7d330,0x00000000eee80000)
  to   space 13824K, 0% used [0x00000000f2e80000,0x00000000f2e80000,0x00000000f3c00000)
 ParOldGen       total 40960K, used 20233K [0x00000000c0000000, 0x00000000c2800000, 0x00000000eab00000)
  object space 40960K, 49% used [0x00000000c0000000,0x00000000c13c2420,0x00000000c2800000)
 Metaspace       used 6159K, capacity 7064K, committed 7424K, reserved 1056768K
  class space    used 615K, capacity 656K, committed 768K, reserved 1048576K
Event: 7.434 GC heap after
Heap after GC invocations=8 (full 0):
 PSYoungGen      total 131072K, used 13800K [0x00000000eab00000, 0x00000000f4300000, 0x0000000100000000)
  eden space 117248K, 0% used [0x00000000eab00000,0x00000000eab00000,0x00000000f1d80000)
  from space 13824K, 99% used [0x00000000f2e80000,0x00000000f3bfa340,0x00000000f3c00000)
  to   space 17408K, 0% used [0x00000000f1d80000,0x00000000f1d80000,0x00000000f2e80000)
 ParOldGen       total 40960K, used 22773K [0x00000000c0000000, 0x00000000c2800000, 0x00000000eab00000)
  object space 40960K, 55% used [0x00000000c0000000,0x00000000c163d7c8,0x00000000c2800000)
 Metaspace       used 6159K, capacity 7064K, committed 7424K, reserved 1056768K
  class space    used 615K, capacity 656K, committed 768K, reserved 1048576K
}
Event: 9.435 GC heap before
{Heap before GC invocations=9 (full 0):
 PSYoungGen      total 131072K, used 131048K [0x00000000eab00000, 0x00000000f4300000, 0x0000000100000000)
  eden space 117248K, 100% used [0x00000000eab00000,0x00000000f1d80000,0x00000000f1d80000)
  from space 13824K, 99% used [0x00000000f2e80000,0x00000000f3bfa340,0x00000000f3c00000)
  to   space 17408K, 0% used [0x00000000f1d80000,0x00000000f1d80000,0x00000000f2e80000)
 ParOldGen       total 40960K, used 22773K [0x00000000c0000000, 0x00000000c2800000, 0x00000000eab00000)
  object space 40960K, 55% used [0x00000000c0000000,0x00000000c163d7c8,0x00000000c2800000)
 Metaspace       used 6340K, capacity 7192K, committed 7424K, reserved 1056768K
  class space    used 616K, capacity 656K, committed 768K, reserved 1048576K

Deoptimization events (10 events):
Event: 3.777 Thread 0x00007f2cd8147000 Uncommon trap: reason=null_check action=make_not_entrant pc=0x00007f2cc92d2e98 method=com.android.dx.ssa.SsaRenamer.getLocalForNewReg(I)Lcom/android/dx/rop/code/LocalItem; @ 19
Event: 3.898 Thread 0x00007f2cd8008800 Uncommon trap: reason=unstable_if action=reinterpret pc=0x00007f2cc9205e98 method=java.lang.String.<init>([CII)V @ 18
Event: 4.176 Thread 0x00007f2cd8146000 Uncommon trap: reason=unstable_if action=reinterpret pc=0x00007f2cc92c54dc method=com.android.dx.rop.cst.Constant.compareTo(Lcom/android/dx/rop/cst/Constant;)I @ 12
Event: 4.271 Thread 0x00007f2cd8008800 Uncommon trap: reason=bimorphic action=maybe_recompile pc=0x00007f2cc9224abc method=java.util.HashMap.getNode(ILjava/lang/Object;)Ljava/util/HashMap$Node; @ 126
Event: 4.396 Thread 0x00007f2cd8138000 Uncommon trap: reason=bimorphic action=maybe_recompile pc=0x00007f2cc9224abc method=java.util.HashMap.getNode(ILjava/lang/Object;)Ljava/util/HashMap$Node; @ 126
Event: 4.396 Thread 0x00007f2cd8138000 Uncommon trap: reason=bimorphic action=maybe_recompile pc=0x00007f2cc924f2ec method=java.util.HashMap.getNode(ILjava/lang/Object;)Ljava/util/HashMap$Node; @ 126
Event: 4.478 Thread 0x00007f2cd8008800 Uncommon trap: reason=unstable_if action=reinterpret pc=0x00007f2cc91e479c method=java.lang.String.<init>([CII)V @ 18
Event: 6.522 Thread 0x00007f2cd8138000 Uncommon trap: reason=unstable_if action=reinterpret pc=0x00007f2cc9347bc0 method=java.util.HashMap.putVal(ILjava/lang/Object;Ljava/lang/Object;ZZ)Ljava/lang/Object; @ 162
Event: 6.578 Thread 0x00007f2cd8008800 Uncommon trap: reason=unstable_if action=reinterpret pc=0x00007f2cc9504088 method=java.util.HashMap.putVal(ILjava/lang/Object;Ljava/lang/Object;ZZ)Ljava/lang/Object; @ 162
Event: 7.669 Thread 0x00007f2cd8146000 Uncommon trap: reason=unstable_if action=reinterpret pc=0x00007f2cc951c0cc method=com.android.dx.dex.code.OutputFinisher.hasLocalInfo(Lcom/android/dx/dex/code/DalvInsn;)Z @ 24

Internal exceptions (6 events):
Event: 0.190 Thread 0x00007f2cd8008800 Exception <a 'java/lang/NoSuchMethodError': Method sun.misc.Unsafe.defineClass(Ljava/lang/String;[BII)Ljava/lang/Class; name or signature does not match> (0x00000000eab07cc0) thrown at [/HUDSON3/workspace/8-2-build-linux-amd64/jdk8u101/7261/hotspot/src/sh
Event: 0.190 Thread 0x00007f2cd8008800 Exception <a 'java/lang/NoSuchMethodError': Method sun.misc.Unsafe.prefetchRead(Ljava/lang/Object;J)V name or signature does not match> (0x00000000eab07fa8) thrown at [/HUDSON3/workspace/8-2-build-linux-amd64/jdk8u101/7261/hotspot/src/share/vm/prims/jni.c
Event: 3.777 Thread 0x00007f2cd8147000 Implicit null exception at 0x00007f2cc92d0829 to 0x00007f2cc92d2e75
Event: 6.527 Thread 0x00007f2cd8138000 Exception <a 'java/lang/ArrayIndexOutOfBoundsException': 18> (0x00000000eaee0e30) thrown at [/HUDSON3/workspace/8-2-build-linux-amd64/jdk8u101/7261/hotspot/src/share/vm/interpreter/interpreterRuntime.cpp, line 366]
Event: 6.527 Thread 0x00007f2cd8138000 Exception <a 'java/lang/ArrayIndexOutOfBoundsException': 145> (0x00000000eaee29b0) thrown at [/HUDSON3/workspace/8-2-build-linux-amd64/jdk8u101/7261/hotspot/src/share/vm/interpreter/interpreterRuntime.cpp, line 366]
Event: 6.543 Thread 0x00007f2cd8138000 Exception <a 'java/lang/ArrayIndexOutOfBoundsException': 40> (0x00000000eaee3c98) thrown at [/HUDSON3/workspace/8-2-build-linux-amd64/jdk8u101/7261/hotspot/src/share/vm/interpreter/interpreterRuntime.cpp, line 366]

Events (10 events):
Event: 8.886 Thread 0x00007f2cd8147000 DEOPT PACKING pc=0x00007f2cc9370dec sp=0x00007f2cc49e50d0
Event: 8.886 Thread 0x00007f2cd8147000 DEOPT UNPACKING pc=0x00007f2cc9047633 sp=0x00007f2cc49e4dd0 mode 0
Event: 8.904 Thread 0x00007f2cd8147000 DEOPT PACKING pc=0x00007f2cc93abbf5 sp=0x00007f2cc49e4990
Event: 8.904 Thread 0x00007f2cd8147000 DEOPT UNPACKING pc=0x00007f2cc9047633 sp=0x00007f2cc49e4720 mode 0
Event: 8.929 Thread 0x00007f2cd8148800 DEOPT PACKING pc=0x00007f2cc92146b9 sp=0x00007f2cc48e3ff0
Event: 8.929 Thread 0x00007f2cd8148800 DEOPT UNPACKING pc=0x00007f2cc9047633 sp=0x00007f2cc48e3d40 mode 0
Event: 8.995 Thread 0x00007f2cd8147000 Thread exited: 0x00007f2cd8147000
Event: 9.171 Thread 0x00007f2cd8148800 DEOPT PACKING pc=0x00007f2cc9649818 sp=0x00007f2cc48e3de0
Event: 9.171 Thread 0x00007f2cd8148800 DEOPT UNPACKING pc=0x00007f2cc9047633 sp=0x00007f2cc48e3b80 mode 0
Event: 9.434 Executing VM operation: ParallelGCFailedAllocation


Dynamic libraries:
00400000-00401000 r-xp 00000000 fd:02 2755871                            /home/h3moglob1n/opt/jdk1.8.0_101/bin/java
00600000-00601000 rw-p 00000000 fd:02 2755871                            /home/h3moglob1n/opt/jdk1.8.0_101/bin/java
00fb5000-00fd6000 rw-p 00000000 00:00 0                                  [heap]
c0000000-c2800000 rw-p 00000000 00:00 0 
c2800000-eab00000 ---p 00000000 00:00 0 
eab00000-f4300000 rw-p 00000000 00:00 0 
f9280000-100000000 ---p 00000000 00:00 0 
100000000-1000c0000 rw-p 00000000 00:00 0 
1000c0000-140000000 ---p 00000000 00:00 0 
7f2c74000000-7f2c74021000 rw-p 00000000 00:00 0 
7f2c74021000-7f2c78000000 ---p 00000000 00:00 0 
7f2c78000000-7f2c78022000 rw-p 00000000 00:00 0 
7f2c78022000-7f2c7c000000 ---p 00000000 00:00 0 
7f2c7c000000-7f2c7c021000 rw-p 00000000 00:00 0 
7f2c7c021000-7f2c80000000 ---p 00000000 00:00 0 
7f2c80000000-7f2c80021000 rw-p 00000000 00:00 0 
7f2c80021000-7f2c84000000 ---p 00000000 00:00 0 
7f2c84000000-7f2c84021000 rw-p 00000000 00:00 0 
7f2c84021000-7f2c88000000 ---p 00000000 00:00 0 
7f2c88000000-7f2c88025000 rw-p 00000000 00:00 0 
7f2c88025000-7f2c8c000000 ---p 00000000 00:00 0 
7f2c8c000000-7f2c8cb5c000 rw-p 00000000 00:00 0 
7f2c8cb5c000-7f2c90000000 ---p 00000000 00:00 0 
7f2c90000000-7f2c90021000 rw-p 00000000 00:00 0 
7f2c90021000-7f2c94000000 ---p 00000000 00:00 0 
7f2c94000000-7f2c948ca000 rw-p 00000000 00:00 0 
7f2c948ca000-7f2c98000000 ---p 00000000 00:00 0 
7f2c98000000-7f2c98637000 rw-p 00000000 00:00 0 
7f2c98637000-7f2c9c000000 ---p 00000000 00:00 0 
7f2c9c000000-7f2c9c021000 rw-p 00000000 00:00 0 
7f2c9c021000-7f2ca0000000 ---p 00000000 00:00 0 
7f2ca168d000-7f2ca8000000 r--p 00000000 fd:00 924655                     /usr/lib/locale/locale-archive
7f2ca8000000-7f2ca8021000 rw-p 00000000 00:00 0 
7f2ca8021000-7f2cac000000 ---p 00000000 00:00 0 
7f2cac000000-7f2cac021000 rw-p 00000000 00:00 0 
7f2cac021000-7f2cb0000000 ---p 00000000 00:00 0 
7f2cb0000000-7f2cb0021000 rw-p 00000000 00:00 0 
7f2cb0021000-7f2cb4000000 ---p 00000000 00:00 0 
7f2cb4000000-7f2cb428e000 rw-p 00000000 00:00 0 
7f2cb428e000-7f2cb8000000 ---p 00000000 00:00 0 
7f2cb8000000-7f2cb8021000 rw-p 00000000 00:00 0 
7f2cb8021000-7f2cbc000000 ---p 00000000 00:00 0 
7f2cbc000000-7f2cbc021000 rw-p 00000000 00:00 0 
7f2cbc021000-7f2cc0000000 ---p 00000000 00:00 0 
7f2cc0000000-7f2cc0021000 rw-p 00000000 00:00 0 
7f2cc0021000-7f2cc4000000 ---p 00000000 00:00 0 
7f2cc47e5000-7f2cc47e8000 ---p 00000000 00:00 0 
7f2cc47e8000-7f2cc48e6000 rw-p 00000000 00:00 0 
7f2cc48e6000-7f2cc48e9000 ---p 00000000 00:00 0 
7f2cc48e9000-7f2cc49e7000 rw-p 00000000 00:00 0 
7f2cc49e7000-7f2cc49ea000 ---p 00000000 00:00 0 
7f2cc49ea000-7f2cc4ae8000 rw-p 00000000 00:00 0 
7f2cc4ae8000-7f2cc4aeb000 ---p 00000000 00:00 0 
7f2cc4aeb000-7f2cc4be9000 rw-p 00000000 00:00 0 
7f2cc4be9000-7f2cc4bec000 ---p 00000000 00:00 0 
7f2cc4bec000-7f2cc4cea000 rw-p 00000000 00:00 0 
7f2cc4cf4000-7f2cc4cf5000 ---p 00000000 00:00 0 
7f2cc4cf5000-7f2cc4df5000 rw-p 00000000 00:00 0 
7f2cc4df5000-7f2cc4df8000 ---p 00000000 00:00 0 
7f2cc4df8000-7f2cc4ef6000 rw-p 00000000 00:00 0 
7f2cc4ef6000-7f2cc4ef9000 ---p 00000000 00:00 0 
7f2cc4ef9000-7f2cc4ff7000 rw-p 00000000 00:00 0 
7f2cc4ff7000-7f2cc4ffa000 ---p 00000000 00:00 0 
7f2cc4ffa000-7f2cc50f8000 rw-p 00000000 00:00 0 
7f2cc50f8000-7f2cc50fb000 ---p 00000000 00:00 0 
7f2cc50fb000-7f2cc51f9000 rw-p 00000000 00:00 0 
7f2cc51f9000-7f2cc51fc000 ---p 00000000 00:00 0 
7f2cc51fc000-7f2cc52fa000 rw-p 00000000 00:00 0 
7f2cc52fa000-7f2cc52fd000 ---p 00000000 00:00 0 
7f2cc52fd000-7f2cc53fb000 rw-p 00000000 00:00 0 
7f2cc53fb000-7f2cc53fe000 ---p 00000000 00:00 0 
7f2cc53fe000-7f2cc54fc000 rw-p 00000000 00:00 0 
7f2cc54fc000-7f2cc54fd000 ---p 00000000 00:00 0 
7f2cc54fd000-7f2cc65b1000 rw-p 00000000 00:00 0 
7f2cc65b1000-7f2cc678a000 r--s 03d29000 fd:02 2755816                    /home/h3moglob1n/opt/jdk1.8.0_101/jre/lib/rt.jar
7f2cc678a000-7f2cc6e80000 rw-p 00000000 00:00 0 
7f2cc6e80000-7f2cc7000000 ---p 00000000 00:00 0 
7f2cc7000000-7f2cc9000000 rw-p 00000000 00:00 0 
7f2cc9000000-7f2cc96e0000 rwxp 00000000 00:00 0 
7f2cc96e0000-7f2cd8000000 ---p 00000000 00:00 0 
7f2cd8000000-7f2cd838d000 rw-p 00000000 00:00 0 
7f2cd838d000-7f2cdc000000 ---p 00000000 00:00 0 
7f2cdc009000-7f2cdc017000 r--s 000e0000 fd:02 3016327                    /home/h3moglob1n/Android/Sdk/build-tools/24.0.2/lib/dx.jar
7f2cdc017000-7f2cdc217000 rw-p 00000000 00:00 0 
7f2cdc217000-7f2cdc218000 ---p 00000000 00:00 0 
7f2cdc218000-7f2cdc318000 rw-p 00000000 00:00 0 
7f2cdc318000-7f2cdc319000 ---p 00000000 00:00 0 
7f2cdc319000-7f2cdc419000 rw-p 00000000 00:00 0 
7f2cdc419000-7f2cdc41a000 ---p 00000000 00:00 0 
7f2cdc41a000-7f2cdc51a000 rw-p 00000000 00:00 0 
7f2cdc51a000-7f2cdc51b000 ---p 00000000 00:00 0 
7f2cdc51b000-7f2cdc62f000 rw-p 00000000 00:00 0 
7f2cdc62f000-7f2cdc771000 ---p 00000000 00:00 0 
7f2cdc771000-7f2cdc785000 rw-p 00000000 00:00 0 
7f2cdc785000-7f2cdc8c6000 ---p 00000000 00:00 0 
7f2cdc8c6000-7f2cdc913000 rw-p 00000000 00:00 0 
7f2cdc913000-7f2cdc971000 ---p 00000000 00:00 0 
7f2cdc971000-7f2cdc98e000 rw-p 00000000 00:00 0 
7f2cdc98e000-7f2cdcd32000 ---p 00000000 00:00 0 
7f2cdcd32000-7f2cdcd4c000 r-xp 00000000 fd:02 2755673                    /home/h3moglob1n/opt/jdk1.8.0_101/jre/lib/amd64/libzip.so
7f2cdcd4c000-7f2cdcf4c000 ---p 0001a000 fd:02 2755673                    /home/h3moglob1n/opt/jdk1.8.0_101/jre/lib/amd64/libzip.so
7f2cdcf4c000-7f2cdcf4d000 rw-p 0001a000 fd:02 2755673                    /home/h3moglob1n/opt/jdk1.8.0_101/jre/lib/amd64/libzip.so
7f2cdcf4d000-7f2cdcf58000 r-xp 00000000 fd:00 924515                     /usr/lib64/libnss_files-2.23.so
7f2cdcf58000-7f2cdd157000 ---p 0000b000 fd:00 924515                     /usr/lib64/libnss_files-2.23.so
7f2cdd157000-7f2cdd158000 r--p 0000a000 fd:00 924515                     /usr/lib64/libnss_files-2.23.so
7f2cdd158000-7f2cdd159000 rw-p 0000b000 fd:00 924515                     /usr/lib64/libnss_files-2.23.so
7f2cdd159000-7f2cdd15f000 rw-p 00000000 00:00 0 
7f2cdd15f000-7f2cdd189000 r-xp 00000000 fd:02 2755649                    /home/h3moglob1n/opt/jdk1.8.0_101/jre/lib/amd64/libjava.so
7f2cdd189000-7f2cdd389000 ---p 0002a000 fd:02 2755649                    /home/h3moglob1n/opt/jdk1.8.0_101/jre/lib/amd64/libjava.so
7f2cdd389000-7f2cdd38b000 rw-p 0002a000 fd:02 2755649                    /home/h3moglob1n/opt/jdk1.8.0_101/jre/lib/amd64/libjava.so
7f2cdd38b000-7f2cdd398000 r-xp 00000000 fd:02 2755614                    /home/h3moglob1n/opt/jdk1.8.0_101/jre/lib/amd64/libverify.so
7f2cdd398000-7f2cdd598000 ---p 0000d000 fd:02 2755614                    /home/h3moglob1n/opt/jdk1.8.0_101/jre/lib/amd64/libverify.so
7f2cdd598000-7f2cdd59a000 rw-p 0000d000 fd:02 2755614                    /home/h3moglob1n/opt/jdk1.8.0_101/jre/lib/amd64/libverify.so
7f2cdd59a000-7f2cdd5a1000 r-xp 00000000 fd:00 924527                     /usr/lib64/librt-2.23.so
7f2cdd5a1000-7f2cdd7a0000 ---p 00007000 fd:00 924527                     /usr/lib64/librt-2.23.so
7f2cdd7a0000-7f2cdd7a1000 r--p 00006000 fd:00 924527                     /usr/lib64/librt-2.23.so
7f2cdd7a1000-7f2cdd7a2000 rw-p 00007000 fd:00 924527                     /usr/lib64/librt-2.23.so
7f2cdd7a2000-7f2cdd8aa000 r-xp 00000000 fd:00 924503                     /usr/lib64/libm-2.23.so
7f2cdd8aa000-7f2cddaa9000 ---p 00108000 fd:00 924503                     /usr/lib64/libm-2.23.so
7f2cddaa9000-7f2cddaaa000 r--p 00107000 fd:00 924503                     /usr/lib64/libm-2.23.so
7f2cddaaa000-7f2cddaab000 rw-p 00108000 fd:00 924503                     /usr/lib64/libm-2.23.so
7f2cddaab000-7f2cde776000 r-xp 00000000 fd:02 2755531                    /home/h3moglob1n/opt/jdk1.8.0_101/jre/lib/amd64/server/libjvm.so
7f2cde776000-7f2cde975000 ---p 00ccb000 fd:02 2755531                    /home/h3moglob1n/opt/jdk1.8.0_101/jre/lib/amd64/server/libjvm.so
7f2cde975000-7f2cdea4e000 rw-p 00cca000 fd:02 2755531                    /home/h3moglob1n/opt/jdk1.8.0_101/jre/lib/amd64/server/libjvm.so
7f2cdea4e000-7f2cdea99000 rw-p 00000000 00:00 0 
7f2cdea99000-7f2cdec52000 r-xp 00000000 fd:00 924495                     /usr/lib64/libc-2.23.so
7f2cdec52000-7f2cdee51000 ---p 001b9000 fd:00 924495                     /usr/lib64/libc-2.23.so
7f2cdee51000-7f2cdee55000 r--p 001b8000 fd:00 924495                     /usr/lib64/libc-2.23.so
7f2cdee55000-7f2cdee57000 rw-p 001bc000 fd:00 924495                     /usr/lib64/libc-2.23.so
7f2cdee57000-7f2cdee5b000 rw-p 00000000 00:00 0 
7f2cdee5b000-7f2cdee5e000 r-xp 00000000 fd:00 924501                     /usr/lib64/libdl-2.23.so
7f2cdee5e000-7f2cdf05d000 ---p 00003000 fd:00 924501                     /usr/lib64/libdl-2.23.so
7f2cdf05d000-7f2cdf05e000 r--p 00002000 fd:00 924501                     /usr/lib64/libdl-2.23.so
7f2cdf05e000-7f2cdf05f000 rw-p 00003000 fd:00 924501                     /usr/lib64/libdl-2.23.so
7f2cdf05f000-7f2cdf074000 r-xp 00000000 fd:02 2755682                    /home/h3moglob1n/opt/jdk1.8.0_101/lib/amd64/jli/libjli.so
7f2cdf074000-7f2cdf274000 ---p 00015000 fd:02 2755682                    /home/h3moglob1n/opt/jdk1.8.0_101/lib/amd64/jli/libjli.so
7f2cdf274000-7f2cdf275000 rw-p 00015000 fd:02 2755682                    /home/h3moglob1n/opt/jdk1.8.0_101/lib/amd64/jli/libjli.so
7f2cdf275000-7f2cdf28c000 r-xp 00000000 fd:00 924523                     /usr/lib64/libpthread-2.23.so
7f2cdf28c000-7f2cdf48b000 ---p 00017000 fd:00 924523                     /usr/lib64/libpthread-2.23.so
7f2cdf48b000-7f2cdf48c000 r--p 00016000 fd:00 924523                     /usr/lib64/libpthread-2.23.so
7f2cdf48c000-7f2cdf48d000 rw-p 00017000 fd:00 924523                     /usr/lib64/libpthread-2.23.so
7f2cdf48d000-7f2cdf491000 rw-p 00000000 00:00 0 
7f2cdf491000-7f2cdf4b5000 r-xp 00000000 fd:00 924488                     /usr/lib64/ld-2.23.so
7f2cdf4be000-7f2cdf590000 rw-p 00000000 00:00 0 
7f2cdf590000-7f2cdf593000 ---p 00000000 00:00 0 
7f2cdf593000-7f2cdf6a9000 rw-p 00000000 00:00 0 
7f2cdf6a9000-7f2cdf6b1000 rw-s 00000000 00:27 4703239                    /tmp/hsperfdata_h3moglob1n/7376
7f2cdf6b1000-7f2cdf6b2000 rw-p 00000000 00:00 0 
7f2cdf6b2000-7f2cdf6b3000 ---p 00000000 00:00 0 
7f2cdf6b3000-7f2cdf6b4000 rw-p 00000000 00:00 0 
7f2cdf6b4000-7f2cdf6b5000 r--p 00023000 fd:00 924488                     /usr/lib64/ld-2.23.so
7f2cdf6b5000-7f2cdf6b6000 rw-p 00024000 fd:00 924488                     /usr/lib64/ld-2.23.so
7f2cdf6b6000-7f2cdf6b7000 rw-p 00000000 00:00 0 
7ffc69b4f000-7ffc69b71000 rw-p 00000000 00:00 0                          [stack]
7ffc69b74000-7ffc69b77000 r--p 00000000 00:00 0                          [vvar]
7ffc69b77000-7ffc69b79000 r-xp 00000000 00:00 0                          [vdso]
ffffffffff600000-ffffffffff601000 r-xp 00000000 00:00 0                  [vsyscall]

VM Arguments:
jvm_args: -Djava.awt.headless=true -Xmx1024M -Dfile.encoding=UTF-8 -Duser.country=US -Duser.language=en -Duser.variant 
java_command: com.android.dx.command.Main --dex --force-jumbo --num-threads=4 --output /home/h3moglob1n/git-clones/android-beginner/SchoolContactInfo/app/build/intermediates/pre-dexed/debug/com.android.support-appcompat-v7-24.2.0_c319bdcfb677f73c9bf39074aacc6b9daee57fa3.jar /home/h3moglob1n/git-clones/android-beginner/SchoolContactInfo/app/build/intermediates/exploded-aar/com.android.support/appcompat-v7/24.2.0/jars/classes.jar
java_class_path (initial): /home/h3moglob1n/Android/Sdk/build-tools/24.0.2/lib/dx.jar
Launcher Type: SUN_STANDARD

Environment Variables:
JAVA_HOME=/home/h3moglob1n/opt/jdk1.8.0_101
CLASSPATH=./../lib/bootstrap.jar:./../lib/extensions.jar:./../lib/util.jar:./../lib/jdom.jar:./../lib/log4j.jar:./../lib/trove4j.jar:./../lib/jna.jar:/home/h3moglob1n/opt/jdk1.8.0_101/lib/tools.jar
PATH=/home/h3moglob1n/opt/jdk1.8.0_101/bin:/usr/lib64/qt-3.3/bin:/usr/local/bin:/usr/local/sbin:/usr/bin:/usr/sbin:/home/h3moglob1n/.local/bin:/home/h3moglob1n/bin:/home/h3moglob1n/opt/jdk1.8.0_101/bin:/home/h3moglob1n/Android/Sdk/tools:/home/h3moglob1n/Android/Sdk/platform-tools
USERNAME=h3moglob1n
LD_LIBRARY_PATH=.:
SHELL=/bin/bash
DISPLAY=:0

Signal Handlers:
SIGSEGV: [libjvm.so+0xac4790], sa_mask[0]=11111111011111111101111111111110, sa_flags=SA_RESTART|SA_SIGINFO
SIGBUS: [libjvm.so+0xac4790], sa_mask[0]=11111111011111111101111111111110, sa_flags=SA_RESTART|SA_SIGINFO
SIGFPE: [libjvm.so+0x91f140], sa_mask[0]=11111111011111111101111111111110, sa_flags=SA_RESTART|SA_SIGINFO
SIGPIPE: [libjvm.so+0x91f140], sa_mask[0]=11111111011111111101111111111110, sa_flags=SA_RESTART|SA_SIGINFO
SIGXFSZ: [libjvm.so+0x91f140], sa_mask[0]=11111111011111111101111111111110, sa_flags=SA_RESTART|SA_SIGINFO
SIGILL: [libjvm.so+0x91f140], sa_mask[0]=11111111011111111101111111111110, sa_flags=SA_RESTART|SA_SIGINFO
SIGUSR1: SIG_DFL, sa_mask[0]=00000000000000000000000000000000, sa_flags=none
SIGUSR2: [libjvm.so+0x920770], sa_mask[0]=00100000000000000000000000000000, sa_flags=SA_RESTART|SA_SIGINFO
SIGHUP: [libjvm.so+0x921b70], sa_mask[0]=11111111011111111101111111111110, sa_flags=SA_RESTART|SA_SIGINFO
SIGINT: [libjvm.so+0x921b70], sa_mask[0]=11111111011111111101111111111110, sa_flags=SA_RESTART|SA_SIGINFO
SIGTERM: [libjvm.so+0x921b70], sa_mask[0]=11111111011111111101111111111110, sa_flags=SA_RESTART|SA_SIGINFO
SIGQUIT: [libjvm.so+0x921b70], sa_mask[0]=11111111011111111101111111111110, sa_flags=SA_RESTART|SA_SIGINFO


---------------  S Y S T E M  ---------------

OS:Fedora release 24 (Twenty Four)

uname:Linux 4.6.6-300.fc24.x86_64 #1 SMP Wed Aug 10 21:07:35 UTC 2016 x86_64
libc:glibc 2.23 NPTL 2.23 
rlimit: STACK 8192k, CORE 0k, NPROC 15252, NOFILE 4096, AS infinity
load average:13.38 4.15 2.19

/proc/meminfo:
MemTotal:        3926804 kB
MemFree:           86540 kB
MemAvailable:          0 kB
Buffers:             532 kB
Cached:           264484 kB
SwapCached:         3212 kB
Active:          2840956 kB
Inactive:         722512 kB
Active(anon):    2831544 kB
Inactive(anon):   714300 kB
Active(file):       9412 kB
Inactive(file):     8212 kB
Unevictable:          16 kB
Mlocked:              16 kB
SwapTotal:       3932156 kB
SwapFree:              0 kB
Dirty:                 8 kB
Writeback:            80 kB
AnonPages:       3295292 kB
Mapped:            21064 kB
Shmem:            247296 kB
Slab:             116820 kB
SReclaimable:      45236 kB
SUnreclaim:        71584 kB
KernelStack:       14336 kB
PageTables:        72396 kB
NFS_Unstable:          0 kB
Bounce:                0 kB
WritebackTmp:          0 kB
CommitLimit:     5895556 kB
Committed_AS:   14059284 kB
VmallocTotal:   34359738367 kB
VmallocUsed:           0 kB
VmallocChunk:          0 kB
HardwareCorrupted:     0 kB
AnonHugePages:         0 kB
CmaTotal:              0 kB
CmaFree:               0 kB
HugePages_Total:       0
HugePages_Free:        0
HugePages_Rsvd:        0
HugePages_Surp:        0
Hugepagesize:       2048 kB
DirectMap4k:      464512 kB
DirectMap2M:     3610624 kB


CPU:total 4 (2 cores per cpu, 2 threads per core) family 6 model 42 stepping 7, cmov, cx8, fxsr, mmx, sse, sse2, sse3, ssse3, sse4.1, sse4.2, popcnt, avx, aes, clmul, ht, tsc, tscinvbit

/proc/cpuinfo:
processor	: 0
vendor_id	: GenuineIntel
cpu family	: 6
model		: 42
model name	: Intel(R) Core(TM) i5-2520M CPU @ 2.50GHz
stepping	: 7
microcode	: 0x29
cpu MHz		: 2999.902
cache size	: 3072 KB
physical id	: 0
siblings	: 4
core id		: 0
cpu cores	: 2
apicid		: 0
initial apicid	: 0
fpu		: yes
fpu_exception	: yes
cpuid level	: 13
wp		: yes
flags		: fpu vme de pse tsc msr pae mce cx8 apic sep mtrr pge mca cmov pat pse36 clflush dts acpi mmx fxsr sse sse2 ss ht tm pbe syscall nx rdtscp lm constant_tsc arch_perfmon pebs bts nopl xtopology nonstop_tsc aperfmperf eagerfpu pni pclmulqdq dtes64 monitor ds_cpl vmx smx est tm2 ssse3 cx16 xtpr pdcm pcid sse4_1 sse4_2 x2apic popcnt tsc_deadline_timer aes xsave avx lahf_lm epb tpr_shadow vnmi flexpriority ept vpid xsaveopt dtherm ida arat pln pts
bugs		:
bogomips	: 4983.72
clflush size	: 64
cache_alignment	: 64
address sizes	: 36 bits physical, 48 bits virtual
power management:

processor	: 1
vendor_id	: GenuineIntel
cpu family	: 6
model		: 42
model name	: Intel(R) Core(TM) i5-2520M CPU @ 2.50GHz
stepping	: 7
microcode	: 0x29
cpu MHz		: 3000.000
cache size	: 3072 KB
physical id	: 0
siblings	: 4
core id		: 0
cpu cores	: 2
apicid		: 1
initial apicid	: 1
fpu		: yes
fpu_exception	: yes
cpuid level	: 13
wp		: yes
flags		: fpu vme de pse tsc msr pae mce cx8 apic sep mtrr pge mca cmov pat pse36 clflush dts acpi mmx fxsr sse sse2 ss ht tm pbe syscall nx rdtscp lm constant_tsc arch_perfmon pebs bts nopl xtopology nonstop_tsc aperfmperf eagerfpu pni pclmulqdq dtes64 monitor ds_cpl vmx smx est tm2 ssse3 cx16 xtpr pdcm pcid sse4_1 sse4_2 x2apic popcnt tsc_deadline_timer aes xsave avx lahf_lm epb tpr_shadow vnmi flexpriority ept vpid xsaveopt dtherm ida arat pln pts
bugs		:
bogomips	: 5000.34
clflush size	: 64
cache_alignment	: 64
address sizes	: 36 bits physical, 48 bits virtual
power management:

processor	: 2
vendor_id	: GenuineIntel
cpu family	: 6
model		: 42
model name	: Intel(R) Core(TM) i5-2520M CPU @ 2.50GHz
stepping	: 7
microcode	: 0x29
cpu MHz		: 3000.000
cache size	: 3072 KB
physical id	: 0
siblings	: 4
core id		: 1
cpu cores	: 2
apicid		: 2
initial apicid	: 2
fpu		: yes
fpu_exception	: yes
cpuid level	: 13
wp		: yes
flags		: fpu vme de pse tsc msr pae mce cx8 apic sep mtrr pge mca cmov pat pse36 clflush dts acpi mmx fxsr sse sse2 ss ht tm pbe syscall nx rdtscp lm constant_tsc arch_perfmon pebs bts nopl xtopology nonstop_tsc aperfmperf eagerfpu pni pclmulqdq dtes64 monitor ds_cpl vmx smx est tm2 ssse3 cx16 xtpr pdcm pcid sse4_1 sse4_2 x2apic popcnt tsc_deadline_timer aes xsave avx lahf_lm epb tpr_shadow vnmi flexpriority ept vpid xsaveopt dtherm ida arat pln pts
bugs		:
bogomips	: 4996.56
clflush size	: 64
cache_alignment	: 64
address sizes	: 36 bits physical, 48 bits virtual
power management:

processor	: 3
vendor_id	: GenuineIntel
cpu family	: 6
model		: 42
model name	: Intel(R) Core(TM) i5-2520M CPU @ 2.50GHz
stepping	: 7
microcode	: 0x29
cpu MHz		: 2999.902
cache size	: 3072 KB
physical id	: 0
siblings	: 4
core id		: 1
cpu cores	: 2
apicid		: 3
initial apicid	: 3
fpu		: yes
fpu_exception	: yes
cpuid level	: 13
wp		: yes
flags		: fpu vme de pse tsc msr pae mce cx8 apic sep mtrr pge mca cmov pat pse36 clflush dts acpi mmx fxsr sse sse2 ss ht tm pbe syscall nx rdtscp lm constant_tsc arch_perfmon pebs bts nopl xtopology nonstop_tsc aperfmperf eagerfpu pni pclmulqdq dtes64 monitor ds_cpl vmx smx est tm2 ssse3 cx16 xtpr pdcm pcid sse4_1 sse4_2 x2apic popcnt tsc_deadline_timer aes xsave avx lahf_lm epb tpr_shadow vnmi flexpriority ept vpid xsaveopt dtherm ida arat pln pts
bugs		:
bogomips	: 4996.33
clflush size	: 64
cache_alignment	: 64
address sizes	: 36 bits physical, 48 bits virtual
power management:



Memory: 4k page, physical 3926804k(87256k free), swap 3932156k(0k free)

vm_info: Java HotSpot(TM) 64-Bit Server VM (25.101-b13) for linux-amd64 JRE (1.8.0_101-b13), built on Jun 22 2016 02:59:44 by "java_re" with gcc 4.3.0 20080428 (Red Hat 4.3.0-8)

time: Tue Feb  7 11:38:28 2017
elapsed time: 10 seconds (0d 0h 0m 10s)

